This file contains any messages produced by compilers while
running configure, to aid debugging if configure makes a mistake.

It was created by configure, which was
generated by GNU Autoconf 2.52.20230114.  Invocation command line was

  $ ./configure --prefix=/home/aimeat/github/anvilos_beta/oss_sovereignty/sys_03_Libraries/ncurses/dist --without-cxx --without-ada --without-progs --without-tests --without-manpages --with-termlib --enable-termcap --with-fallbacks=linux,vt100,xterm --disable-database --disable-home-terminfo --enable-static --disable-shared

## ---------- ##
## Platform.  ##
## ---------- ##

hostname = anvilosbeta
uname -m = x86_64
uname -r = 6.14.0-37-generic
uname -s = Linux
uname -v = #37~24.04.1-Ubuntu SMP PREEMPT_DYNAMIC Thu Nov 20 10:25:38 UTC 2

/usr/bin/uname -p = x86_64
/bin/uname -X     = unknown

/bin/arch              = x86_64
/usr/bin/arch -k       = unknown
/usr/convex/getsysinfo = unknown
hostinfo               = unknown
/bin/machine           = unknown
/usr/bin/oslevel       = unknown
/bin/universe          = unknown

PATH = /usr/local/sbin:/usr/local/bin:/usr/sbin:/usr/bin:/sbin:/bin:/usr/games:/usr/local/games:/snap/bin

## ------------ ##
## Core tests.  ##
## ------------ ##

configure:1172: PATH=".;."; conftest.sh
./configure: 1173: conftest.sh: not found
configure:1175: $? = 127
configure:1192: checking for ggrep
configure:1218: result: no
configure:1192: checking for grep
configure:1207: found /usr/bin/grep
configure:1215: result: grep
configure:1226: checking for egrep
configure:1282: result: grep -E
configure:1293: result: Configuring NCURSES 6.4 ABI 6 (Mon Jan 19 21:29:14 UTC 2026)
configure:1297: checking for package version
configure:1318: result: 6.4
configure:1321: checking for package patch date
configure:1338: result: 20230311
configure:1349: testing ABI VERSION 5:0:10 ...
configure:1353: testing VERSION_MAJOR 6 ...
configure:1357: testing VERSION_MINOR 4 ...
configure:1361: testing VERSION_PATCH 20230311 ...
configure:1505: checking build system type
configure:1523: result: x86_64-pc-linux-gnu
configure:1530: checking host system type
configure:1544: result: x86_64-pc-linux-gnu
configure:1552: checking target system type
configure:1566: result: x86_64-pc-linux-gnu
configure:1598: result: Configuring for linux-gnu
configure:1623: checking for fgrep
configure:1679: result: grep -F
configure:1683: checking for prefix
configure:1695: result: /home/aimeat/github/anvilos_beta/oss_sovereignty/sys_03_Libraries/ncurses/dist
configure:1913: checking for C compiler version
configure:1916: /home/aimeat/github/anvilos_beta/ext/toolchain/bin/x86_64-unknown-linux-musl-gcc --version </dev/null >&5
x86_64-unknown-linux-musl-gcc (crosstool-NG UNKNOWN) 15.2.0
Copyright (C) 2025 Free Software Foundation, Inc.
This is free software; see the source for copying conditions.  There is NO
warranty; not even for MERCHANTABILITY or FITNESS FOR A PARTICULAR PURPOSE.

configure:1919: $? = 0
configure:1921: /home/aimeat/github/anvilos_beta/ext/toolchain/bin/x86_64-unknown-linux-musl-gcc -v </dev/null >&5
Using built-in specs.
COLLECT_GCC=/home/aimeat/github/anvilos_beta/ext/toolchain/bin/x86_64-unknown-linux-musl-gcc
COLLECT_LTO_WRAPPER=/home/aimeat/github/anvilos_beta/ext/toolchain/bin/../libexec/gcc/x86_64-unknown-linux-musl/15.2.0/lto-wrapper
Target: x86_64-unknown-linux-musl
Configured with: /home/runner/work/musl-cross/musl-cross/build/.build/x86_64-unknown-linux-musl/src/gcc/configure --build=x86_64-build_pc-linux-gnu --host=x86_64-build_pc-linux-gnu --target=x86_64-unknown-linux-musl --prefix=/opt/x-tools/x86_64-unknown-linux-musl --exec_prefix=/opt/x-tools/x86_64-unknown-linux-musl --with-sysroot=/opt/x-tools/x86_64-unknown-linux-musl/x86_64-unknown-linux-musl/sysroot --enable-languages=c,c++ --with-pkgversion='crosstool-NG UNKNOWN' --enable-__cxa_atexit --disable-libmudflap --disable-libgomp --disable-libssp --disable-libquadmath --disable-libquadmath-support --disable-libsanitizer --disable-libmpx --with-gmp=/home/runner/work/musl-cross/musl-cross/build/.build/x86_64-unknown-linux-musl/buildtools --with-mpfr=/home/runner/work/musl-cross/musl-cross/build/.build/x86_64-unknown-linux-musl/buildtools --with-mpc=/home/runner/work/musl-cross/musl-cross/build/.build/x86_64-unknown-linux-musl/buildtools --with-isl=/home/runner/work/musl-cross/musl-cross/build/.build/x86_64-unknown-linux-musl/buildtools --enable-lto --enable-threads=posix --enable-target-optspace --enable-plugin --disable-nls --disable-multilib --with-local-prefix=/opt/x-tools/x86_64-unknown-linux-musl/x86_64-unknown-linux-musl/sysroot --enable-long-long
Thread model: posix
Supported LTO compression algorithms: zlib zstd
gcc version 15.2.0 (crosstool-NG UNKNOWN) 
configure:1924: $? = 0
configure:1926: /home/aimeat/github/anvilos_beta/ext/toolchain/bin/x86_64-unknown-linux-musl-gcc -V </dev/null >&5
x86_64-unknown-linux-musl-gcc: error: unrecognized command-line option '-V'
x86_64-unknown-linux-musl-gcc: fatal error: no input files
compilation terminated.
configure:1929: $? = 1
configure:1949: checking for C compiler default output
configure:1952: /home/aimeat/github/anvilos_beta/ext/toolchain/bin/x86_64-unknown-linux-musl-gcc -static -Os -fPIC  -static conftest.c  >&5
configure:1955: $? = 0
configure:1984: result: a.out
configure:1989: checking whether the C compiler works
configure:1995: ./a.out
configure:1998: $? = 0
configure:2013: result: yes
configure:2020: checking whether we are cross compiling
configure:2022: result: no
configure:2025: checking for executable suffix
configure:2027: /home/aimeat/github/anvilos_beta/ext/toolchain/bin/x86_64-unknown-linux-musl-gcc -o conftest -static -Os -fPIC  -static conftest.c  >&5
configure:2030: $? = 0
configure:2052: result: 
configure:2058: checking for object suffix
configure:2076: /home/aimeat/github/anvilos_beta/ext/toolchain/bin/x86_64-unknown-linux-musl-gcc -c -static -Os -fPIC  conftest.c >&5
configure:2079: $? = 0
configure:2098: result: o
configure:2102: checking whether we are using the GNU C compiler
configure:2123: /home/aimeat/github/anvilos_beta/ext/toolchain/bin/x86_64-unknown-linux-musl-gcc -c -static -Os -fPIC  conftest.c >&5
configure:2126: $? = 0
configure:2129: test -s conftest.o
configure:2132: $? = 0
configure:2144: result: yes
configure:2150: checking whether /home/aimeat/github/anvilos_beta/ext/toolchain/bin/x86_64-unknown-linux-musl-gcc accepts -g
configure:2168: /home/aimeat/github/anvilos_beta/ext/toolchain/bin/x86_64-unknown-linux-musl-gcc -c -g  conftest.c >&5
configure:2171: $? = 0
configure:2174: test -s conftest.o
configure:2177: $? = 0
configure:2187: result: yes
configure:2214: /home/aimeat/github/anvilos_beta/ext/toolchain/bin/x86_64-unknown-linux-musl-gcc -c -static -Os -fPIC  conftest.c >&5
conftest.c:2:3: error: unknown type name 'choke'
    2 |   choke me
      |   ^~~~~
conftest.c:2:3: error: expected '=', ',', ';', 'asm' or '__attribute__' at end of input
configure:2217: $? = 1
configure: failed program was:
#ifndef __cplusplus
  choke me
#endif
configure:2318: checking version of /home/aimeat/github/anvilos_beta/ext/toolchain/bin/x86_64-unknown-linux-musl-gcc
configure:2322: result: 15.2.0
configure:2331: checking if this is really Intel C compiler
configure:2353: /home/aimeat/github/anvilos_beta/ext/toolchain/bin/x86_64-unknown-linux-musl-gcc -c -static -Os -fPIC -no-gcc  conftest.c >&5
x86_64-unknown-linux-musl-gcc: error: unrecognized command-line option '-no-gcc'
configure:2356: $? = 1
configure: failed program was:
#line 2336 "configure"
#include "confdefs.h"

int
main (void)
{

#ifdef __INTEL_COMPILER
#else
#error __INTEL_COMPILER is not defined
#endif

  ;
  return 0;
}
configure:2373: result: no
configure:2382: checking if this is really Clang C compiler
configure:2403: /home/aimeat/github/anvilos_beta/ext/toolchain/bin/x86_64-unknown-linux-musl-gcc -c -static -Os -fPIC  conftest.c >&5
configure: In function 'main':
configure:2394:2: error: #error __clang__ is not defined
 2394 | #else
      |  ^~~~ 
configure:2406: $? = 1
configure: failed program was:
#line 2386 "configure"
#include "confdefs.h"

int
main (void)
{

#ifdef __clang__
#else
#error __clang__ is not defined
#endif

  ;
  return 0;
}
configure:2422: result: no
configure:2503: checking for /home/aimeat/github/anvilos_beta/ext/toolchain/bin/x86_64-unknown-linux-musl-gcc option to accept ANSI C
configure:2558: /home/aimeat/github/anvilos_beta/ext/toolchain/bin/x86_64-unknown-linux-musl-gcc  -c -static -Os -fPIC  conftest.c >&5
configure:2561: $? = 0
configure:2564: test -s conftest.o
configure:2567: $? = 0
configure:2584: result: none needed
configure:2595: checking $CFLAGS variable
configure:2709: result: ok
configure:2714: checking $CC variable
configure:2849: result: ok
configure:2860: checking how to run the C preprocessor
configure:2886: /home/aimeat/github/anvilos_beta/ext/toolchain/bin/x86_64-unknown-linux-musl-gcc -E  conftest.c
configure:2892: $? = 0
configure:2919: /home/aimeat/github/anvilos_beta/ext/toolchain/bin/x86_64-unknown-linux-musl-gcc -E  conftest.c
configure:2916:10: fatal error: ac_nonexistent.h: No such file or directory
 2916 | #include "confdefs.h"
      |          ^~~~~~~~~~~~      
compilation terminated.
configure:2925: $? = 1
configure: failed program was:
#line 2915 "configure"
#include "confdefs.h"
#include <ac_nonexistent.h>
configure:2962: result: /home/aimeat/github/anvilos_beta/ext/toolchain/bin/x86_64-unknown-linux-musl-gcc -E
configure:2977: /home/aimeat/github/anvilos_beta/ext/toolchain/bin/x86_64-unknown-linux-musl-gcc -E  conftest.c
configure:2983: $? = 0
configure:3010: /home/aimeat/github/anvilos_beta/ext/toolchain/bin/x86_64-unknown-linux-musl-gcc -E  conftest.c
configure:3007:10: fatal error: ac_nonexistent.h: No such file or directory
 3007 | #include "confdefs.h"
      |          ^~~~~~~~~~~~      
compilation terminated.
configure:3016: $? = 1
configure: failed program was:
#line 3006 "configure"
#include "confdefs.h"
#include <ac_nonexistent.h>
configure:3057: checking whether /home/aimeat/github/anvilos_beta/ext/toolchain/bin/x86_64-unknown-linux-musl-gcc needs -traditional
configure:3065:10: fatal error: sgtty.h: No such file or directory
 3065 | #include "confdefs.h"
      |          ^~~~~~~~~
compilation terminated.
configure:3080:10: fatal error: termio.h: No such file or directory
 3080 | #include "confdefs.h"
      |          ^~~~~~~~~~
compilation terminated.
configure:3092: result: no
configure:3099: checking whether /home/aimeat/github/anvilos_beta/ext/toolchain/bin/x86_64-unknown-linux-musl-gcc understands -c and -o together
configure:3114: /home/aimeat/github/anvilos_beta/ext/toolchain/bin/x86_64-unknown-linux-musl-gcc -static -Os -fPIC  -c conftest.c -o conftest2.o >&5
configure:3117: $? = 0
configure:3119: /home/aimeat/github/anvilos_beta/ext/toolchain/bin/x86_64-unknown-linux-musl-gcc -static -Os -fPIC  -c conftest.c -o conftest2.o >&5
configure:3122: $? = 0
configure:3133: result: yes
configure:3150: checking for ldconfig
configure:3167: found /usr/sbin/ldconfig
configure:3178: result: /usr/sbin/ldconfig
configure:3189: checking if you want to ensure bool is consistent with C++
configure:3199: result: no
configure:3645: checking if you want to build C++ binding and demo
configure:3655: result: no
configure:3658: checking if you want to build with Ada
configure:3660: result: no
configure:3663: checking if you want to install terminal database
configure:3673: result: yes
configure:3676: checking if you want to install manpages
configure:3686: result: no
configure:3689: checking if you want to build programs such as tic
configure:3699: result: no
configure:3727: checking if you want to build test-programs
configure:3737: result: no
configure:3740: checking if you wish to install curses.h
configure:3750: result: yes
configure:3775: checking for mawk
configure:3790: found /usr/bin/mawk
configure:3798: result: mawk
configure:3824: checking for a BSD compatible install
configure:3873: result: /usr/bin/install -c
configure:3898: checking for lint
configure:3924: result: no
configure:3898: checking for cppcheck
configure:3924: result: no
configure:3898: checking for splint
configure:3924: result: no
configure:3937: checking whether ln -s works
configure:3941: result: yes
configure:3948: checking if ln -s -f options work
configure:3960: result: yes
configure:3965: checking for long file names
configure:4004: result: yes
configure:4033: checking if you want to use pkg-config
configure:4043: result: yes
configure:4095: checking for pkg-config
configure:4124: result: none
configure:4177: WARNING: pkg-config is not installed
configure:4183: checking for pkg-config library directory
configure:4230: result: auto
configure:4234: checking for search-list
configure:4261: result: 
configure:4327: checking if we should install .pc files
configure:4338: result: no
configure:4412: checking if we should assume mixed-case filenames
configure:4422: result: auto
configure:4426: checking if filesystem supports mixed-case filenames
configure:4453: result: yes
configure:4472: checking whether make sets ${MAKE}
configure:4492: result: yes
configure:4501: checking for ".PHONY" make-support
** making always.out 1
echo 1 > always.out
** making always 1
** making once.out 1
echo 1 > once.out
** making once 1
make: Nothing to be done for 'always'.
touch once
** making always.out 2
echo 2 > always.out
** making always 2
** making once.out 2
echo 2 > once.out
** making once 2
make: Nothing to be done for 'always'.
touch once
** making always.out 3
echo 3 > always.out
** making always 3
** making once.out 3
echo 3 > once.out
** making once 3
make: Nothing to be done for 'always'.
touch once
configure:4556: result: yes
configure:4567: checking for exctags
configure:4593: result: no
configure:4567: checking for ctags
configure:4593: result: no
configure:4604: checking for exetags
configure:4630: result: no
configure:4604: checking for etags
configure:4630: result: no
configure:4639: checking for ctags
configure:4663: result: no
configure:4673: checking for etags
configure:4697: result: no
configure:4720: checking for makeflags variable
configure:4758: result: 
configure:4799: checking for ranlib
configure:4814: found /usr/bin/ranlib
configure:4823: result: ranlib
configure:4873: checking for ld
configure:4888: found /usr/bin/ld
configure:4897: result: ld
configure:4947: checking for ar
configure:4962: found /usr/bin/ar
configure:4971: result: ar
configure:5021: checking for nm
configure:5036: found /usr/bin/nm
configure:5045: result: nm
configure:5095: checking for ar
configure:5119: result: ar
configure:5131: checking for options to update archives
configure:5171: /home/aimeat/github/anvilos_beta/ext/toolchain/bin/x86_64-unknown-linux-musl-gcc -c -static -Os -fPIC  conftest.c >&5
configure:5174: $? = 0
ar  -curvU conftest.a conftest.o
configure:5195: result: -curvU
configure:5206: checking if you have specified an install-prefix
configure:5219: result: 
configure:5434: checking if libtool -version-number should be used
configure:5451: result: yes
configure:5500: checking if you want to build libraries with libtool
configure:5510: result: no
configure:5820: checking if you want to build shared libraries
configure:5830: result: no
configure:5834: checking if you want to build static libraries
configure:5844: result: yes
configure:5848: checking if you want to build debug libraries
configure:5858: result: yes
configure:5862: checking if you want to build profiling libraries
configure:5872: result: no
configure:5897: checking for specified models
configure:5901: result:  normal debug
configure:5906: checking for default model
configure:5909: result: normal
configure:5923: checking if you want to have a library-prefix
configure:5933: result: auto
configure:5964: checking for PATH separator
configure:5971: result: :
configure:5975: checking for ANSI C header files
configure:5989: /home/aimeat/github/anvilos_beta/ext/toolchain/bin/x86_64-unknown-linux-musl-gcc -E  conftest.c
configure:5995: $? = 0
configure:6082: /home/aimeat/github/anvilos_beta/ext/toolchain/bin/x86_64-unknown-linux-musl-gcc -o conftest -static -Os -fPIC  -static conftest.c  >&5
configure:6085: $? = 0
configure:6087: ./conftest
configure:6090: $? = 0
configure:6103: result: yes
configure:6119: checking for sys/types.h
configure:6131: /home/aimeat/github/anvilos_beta/ext/toolchain/bin/x86_64-unknown-linux-musl-gcc -c -static -Os -fPIC  conftest.c >&5
configure:6134: $? = 0
configure:6137: test -s conftest.o
configure:6140: $? = 0
configure:6150: result: yes
configure:6119: checking for sys/stat.h
configure:6131: /home/aimeat/github/anvilos_beta/ext/toolchain/bin/x86_64-unknown-linux-musl-gcc -c -static -Os -fPIC  conftest.c >&5
configure:6134: $? = 0
configure:6137: test -s conftest.o
configure:6140: $? = 0
configure:6150: result: yes
configure:6119: checking for stdlib.h
configure:6131: /home/aimeat/github/anvilos_beta/ext/toolchain/bin/x86_64-unknown-linux-musl-gcc -c -static -Os -fPIC  conftest.c >&5
configure:6134: $? = 0
configure:6137: test -s conftest.o
configure:6140: $? = 0
configure:6150: result: yes
configure:6119: checking for string.h
configure:6131: /home/aimeat/github/anvilos_beta/ext/toolchain/bin/x86_64-unknown-linux-musl-gcc -c -static -Os -fPIC  conftest.c >&5
configure:6134: $? = 0
configure:6137: test -s conftest.o
configure:6140: $? = 0
configure:6150: result: yes
configure:6119: checking for memory.h
configure:6131: /home/aimeat/github/anvilos_beta/ext/toolchain/bin/x86_64-unknown-linux-musl-gcc -c -static -Os -fPIC  conftest.c >&5
configure:6134: $? = 0
configure:6137: test -s conftest.o
configure:6140: $? = 0
configure:6150: result: yes
configure:6119: checking for strings.h
configure:6131: /home/aimeat/github/anvilos_beta/ext/toolchain/bin/x86_64-unknown-linux-musl-gcc -c -static -Os -fPIC  conftest.c >&5
configure:6134: $? = 0
configure:6137: test -s conftest.o
configure:6140: $? = 0
configure:6150: result: yes
configure:6119: checking for inttypes.h
configure:6131: /home/aimeat/github/anvilos_beta/ext/toolchain/bin/x86_64-unknown-linux-musl-gcc -c -static -Os -fPIC  conftest.c >&5
configure:6134: $? = 0
configure:6137: test -s conftest.o
configure:6140: $? = 0
configure:6150: result: yes
configure:6119: checking for stdint.h
configure:6131: /home/aimeat/github/anvilos_beta/ext/toolchain/bin/x86_64-unknown-linux-musl-gcc -c -static -Os -fPIC  conftest.c >&5
configure:6134: $? = 0
configure:6137: test -s conftest.o
configure:6140: $? = 0
configure:6150: result: yes
configure:6119: checking for unistd.h
configure:6131: /home/aimeat/github/anvilos_beta/ext/toolchain/bin/x86_64-unknown-linux-musl-gcc -c -static -Os -fPIC  conftest.c >&5
configure:6134: $? = 0
configure:6137: test -s conftest.o
configure:6140: $? = 0
configure:6150: result: yes
configure:6160: checking whether exit is declared
configure:6181: /home/aimeat/github/anvilos_beta/ext/toolchain/bin/x86_64-unknown-linux-musl-gcc -c -static -Os -fPIC  conftest.c >&5
configure:6184: $? = 0
configure:6187: test -s conftest.o
configure:6190: $? = 0
configure:6200: result: yes
configure:6206: checking for dirent.h that defines DIR
configure:6227: /home/aimeat/github/anvilos_beta/ext/toolchain/bin/x86_64-unknown-linux-musl-gcc -c -static -Os -fPIC  conftest.c >&5
configure:6230: $? = 0
configure:6233: test -s conftest.o
configure:6236: $? = 0
configure:6246: result: yes
configure:6259: checking for opendir in -ldir
configure:6286: /home/aimeat/github/anvilos_beta/ext/toolchain/bin/x86_64-unknown-linux-musl-gcc -o conftest -static -Os -fPIC  -static conftest.c -ldir   >&5
/home/aimeat/github/anvilos_beta/ext/toolchain/bin/../lib/gcc/x86_64-unknown-linux-musl/15.2.0/../../../../x86_64-unknown-linux-musl/bin/ld: cannot find -ldir: No such file or directory
/home/aimeat/github/anvilos_beta/ext/toolchain/bin/../lib/gcc/x86_64-unknown-linux-musl/15.2.0/../../../../x86_64-unknown-linux-musl/bin/ld: have you installed the static version of the dir library ?
collect2: error: ld returned 1 exit status
configure:6289: $? = 1
configure: failed program was:
#line 6267 "configure"
#include "confdefs.h"

/* Override any gcc2 internal prototype to avoid an error.  */
#ifdef __cplusplus
extern "C"
#endif
/* We use char because int might match the return type of a gcc2
   builtin and then its argument prototype would still apply.  */
char opendir ();
int
main (void)
{
opendir ();
  ;
  return 0;
}
configure:6306: result: no
configure:6370: checking if you want to build a separate terminfo library
configure:6380: result: yes
configure:6383: checking if you want to build a separate tic library
configure:6393: result: no
configure:6406: checking for default loader flags
configure:6415: result: 
configure:6455: checking for an rpath option
configure:6486: result: -Wl,-rpath,
configure:6565: checking if release/abi version should be used for shared libs
configure:6591: result: auto
configure:6614: checking which /home/aimeat/github/anvilos_beta/ext/toolchain/bin/x86_64-unknown-linux-musl-gcc option to use
configure:6633: /home/aimeat/github/anvilos_beta/ext/toolchain/bin/x86_64-unknown-linux-musl-gcc -c -static -Os -fPIC -fPIC  conftest.c >&5
configure:6636: $? = 0
configure:6639: test -s conftest.o
configure:6642: $? = 0
configure:6651: result: -fPIC
configure:7219: testing CC_SHARED_OPTS: -fPIC ...
configure:7223: testing MK_SHARED_LIB:  ${CC} ${LDFLAGS} ${CFLAGS} -shared -Wl,-soname,`basename $@ .${REL_VERSION}`.${ABI_VERSION},-stats,-lc -o $@ ...
configure:7475: checking if you want to link with the GPM mouse library
configure:7485: result: maybe
configure:7489: checking for gpm.h
configure:7499: /home/aimeat/github/anvilos_beta/ext/toolchain/bin/x86_64-unknown-linux-musl-gcc -E  conftest.c
configure:7496:10: fatal error: gpm.h: No such file or directory
 7496 | #include "confdefs.h"
      |          ^~~~~~~
compilation terminated.
configure:7505: $? = 1
configure: failed program was:
#line 7495 "configure"
#include "confdefs.h"
#include <gpm.h>
configure:7524: result: no
configure:8065: checking if you want to use PCRE2 for regular-expressions
configure:8074: result: no
configure:8565: checking if you want to disable library suffixes
configure:8582: result: no
configure:8851: checking if you want to disable extra LDFLAGS for package-scripts
configure:8868: result: no
configure:8876: checking if you wish to append extra suffix to header/library paths
configure:8895: result: 
configure:8899: checking if you wish to install ncurses overwriting curses
configure:8909: result: no
configure:8912: checking if external terminfo-database is used
configure:8922: result: no
configure:8965: checking for list of fallback descriptions
configure:8975: result: linux,vt100,xterm
configure:9034: checking for tic
configure:9049: found /usr/bin/tic
configure:9057: result: tic
configure:9107: checking for infocmp
configure:9122: found /usr/bin/infocmp
configure:9130: result: infocmp
configure:9192: checking for tic
configure:9209: found /usr/bin/tic
configure:9220: result: /usr/bin/tic
configure:9282: testing defining path for tic ...
configure:9350: checking for infocmp
configure:9367: found /usr/bin/infocmp
configure:9378: result: /usr/bin/infocmp
configure:9440: testing defining path for infocmp ...
configure:9473: checking if you want modern xterm or antique
configure:9487: result: xterm-new
configure:9500: checking if xterm backspace sends BS or DEL
configure:9521: result: BS
configure:9527: WARNING: expected --with-xterm-kbs=DEL for linux-gnu
configure:9671: checking if big-core option selected
configure:9697: /home/aimeat/github/anvilos_beta/ext/toolchain/bin/x86_64-unknown-linux-musl-gcc -o conftest -static -Os -fPIC  -static conftest.c  >&5
configure:9700: $? = 0
configure:9702: ./conftest
configure:9705: $? = 0
configure:9717: result: yes
configure:9727: checking if big-strings option selected
configure:9751: result: yes
configure:9758: checking if you want termcap-fallback support
configure:9768: result: yes
configure:9794: checking for list of termcap files
configure:9857: result: /etc/termcap:/usr/share/misc/termcap
configure:9865: checking if fast termcap-loader is needed
configure:9875: result: no
configure:9882: checking if translated termcaps will be cached in ~/.terminfo
configure:9892: result: no
configure:9902: checking if ~/.terminfo is wanted
configure:9912: result: no
configure:9919: checking if you want to permit root to use ncurses environment variables
configure:9929: result: yes
configure:9936: checking if you want to permit setuid programs to access all files
configure:9946: result: yes
configure:9961: checking for unistd.h
configure:9996: result: yes
configure:10011: checking for remove
configure:10048: /home/aimeat/github/anvilos_beta/ext/toolchain/bin/x86_64-unknown-linux-musl-gcc -o conftest -static -Os -fPIC  -static conftest.c  >&5
configure:10051: $? = 0
configure:10054: test -s conftest
configure:10057: $? = 0
configure:10067: result: yes
configure:10011: checking for unlink
configure:10048: /home/aimeat/github/anvilos_beta/ext/toolchain/bin/x86_64-unknown-linux-musl-gcc -o conftest -static -Os -fPIC  -static conftest.c  >&5
configure:10051: $? = 0
configure:10054: test -s conftest
configure:10057: $? = 0
configure:10067: result: yes
configure:10151: checking if link/symlink functions work
configure:10198: /home/aimeat/github/anvilos_beta/ext/toolchain/bin/x86_64-unknown-linux-musl-gcc -o conftest -static -Os -fPIC  -static conftest.c  >&5
configure:10201: $? = 0
configure:10203: ./conftest
configure:10206: $? = 0
configure:10198: /home/aimeat/github/anvilos_beta/ext/toolchain/bin/x86_64-unknown-linux-musl-gcc -o conftest -static -Os -fPIC  -static conftest.c  >&5
configure:10201: $? = 0
configure:10203: ./conftest
configure:10206: $? = 0
configure:10224: result:  link symlink
configure:10244: checking if tic should use symbolic links
configure:10254: result: no
configure:10261: checking if tic should use hard links
configure:10268: result: yes
configure:10284: checking if you want broken-linker support code
configure:10294: result: no
configure:10308: checking if tputs should process BSD-style prefix padding
configure:10318: result: no
configure:10337: checking if the POSIX test-macros are already defined
configure:10363: /home/aimeat/github/anvilos_beta/ext/toolchain/bin/x86_64-unknown-linux-musl-gcc -c -static -Os -fPIC  conftest.c >&5
configure:10366: $? = 0
configure:10369: test -s conftest.o
configure:10372: $? = 0
configure:10383: result: no
configure:10425: checking if this is the GNU C library
configure:10451: /home/aimeat/github/anvilos_beta/ext/toolchain/bin/x86_64-unknown-linux-musl-gcc -c -static -Os -fPIC  conftest.c >&5
configure: In function 'main':
configure:10443:11: error: #error not GNU C library
10443 |         #else
      |           ^~~  
configure:10454: $? = 1
configure: failed program was:
#line 10432 "configure"
#include "confdefs.h"
#include <sys/types.h>
int
main (void)
{

	#if __GLIBC__ > 0 && __GLIBC_MINOR__ >= 0
		return 0;
	#elif __NEWLIB__ > 0 && __NEWLIB_MINOR__ >= 0
		return 0;
	#else
	#	error not GNU C library
	#endif
  ;
  return 0;
}
configure:10471: result: no
configure:11936: checking if _XOPEN_SOURCE really is set
configure:11954: /home/aimeat/github/anvilos_beta/ext/toolchain/bin/x86_64-unknown-linux-musl-gcc -c -static -Os -fPIC  conftest.c >&5
configure:11957: $? = 0
configure:11960: test -s conftest.o
configure:11963: $? = 0
configure:11972: result: yes
configure:11992: /home/aimeat/github/anvilos_beta/ext/toolchain/bin/x86_64-unknown-linux-musl-gcc -c -static -Os -fPIC  conftest.c >&5
configure:11995: $? = 0
configure:11998: test -s conftest.o
configure:12001: $? = 0
configure:12256: checking if SIGWINCH is defined
configure:12278: /home/aimeat/github/anvilos_beta/ext/toolchain/bin/x86_64-unknown-linux-musl-gcc -c -static -Os -fPIC  conftest.c >&5
In file included from configure:12266:
/home/aimeat/github/anvilos_beta/ext/toolchain/x86_64-unknown-linux-musl/sysroot/usr/include/sys/signal.h:1:2: warning: #warning redirecting incorrect #include <sys/signal.h> to <signal.h> [-Wcpp]
    1 | #warning redirecting incorrect #include <sys/signal.h> to <signal.h>
      |  ^~~~~~~
configure:12281: $? = 0
configure:12284: test -s conftest.o
configure:12287: $? = 0
configure:12335: result: yes
configure:12405: checking for nl_langinfo and CODESET
configure:12425: /home/aimeat/github/anvilos_beta/ext/toolchain/bin/x86_64-unknown-linux-musl-gcc -o conftest -static -Os -fPIC  -static conftest.c  >&5
configure:12428: $? = 0
configure:12431: test -s conftest
configure:12434: $? = 0
configure:12445: result: yes
configure:12459: checking if you want wide-character code
configure:12469: result: no
configure:13839: checking whether to enable _LP64 definition in curses.h
configure:13849: result: yes
configure:13865: checking for special C compiler options needed for large files
configure:13939: result: no
configure:13945: checking for _FILE_OFFSET_BITS value needed for large files
configure:13973: /home/aimeat/github/anvilos_beta/ext/toolchain/bin/x86_64-unknown-linux-musl-gcc -c -static -Os -fPIC  conftest.c >&5
configure:13976: $? = 0
configure:13979: test -s conftest.o
configure:13982: $? = 0
configure:14032: result: no
configure:14042: checking for _LARGE_FILES value needed for large files
configure:14070: /home/aimeat/github/anvilos_beta/ext/toolchain/bin/x86_64-unknown-linux-musl-gcc -c -static -Os -fPIC  conftest.c >&5
configure:14073: $? = 0
configure:14076: test -s conftest.o
configure:14079: $? = 0
configure:14129: result: no
configure:14142: checking for _LARGEFILE_SOURCE value needed for large files
configure:14162: /home/aimeat/github/anvilos_beta/ext/toolchain/bin/x86_64-unknown-linux-musl-gcc -c -static -Os -fPIC  conftest.c >&5
configure:14165: $? = 0
configure:14168: test -s conftest.o
configure:14171: $? = 0
configure:14213: result: no
configure:14227: checking for fseeko
configure:14245: /home/aimeat/github/anvilos_beta/ext/toolchain/bin/x86_64-unknown-linux-musl-gcc -o conftest -static -Os -fPIC  -static conftest.c  >&5
configure:14248: $? = 0
configure:14251: test -s conftest
configure:14254: $? = 0
configure:14264: result: yes
configure:14303: checking whether to use struct dirent64
configure:14333: /home/aimeat/github/anvilos_beta/ext/toolchain/bin/x86_64-unknown-linux-musl-gcc -c -static -Os -fPIC  conftest.c >&5
configure: In function 'main':
configure:14321:42: error: conflicting types for 'readdir'; have 'struct dirent64 *(DIR *)'
14321 |                 /* if transitional largefile support is setup, this is true */
      |                                          ^~~~~~~
In file included from configure:14314:
/home/aimeat/github/anvilos_beta/ext/toolchain/x86_64-unknown-linux-musl/sysroot/usr/include/dirent.h:27:16: note: previous declaration of 'readdir' with type 'struct dirent *(DIR *)'
   27 | struct dirent *readdir(DIR *);
      |                ^~~~~~~
configure:14323:36: error: initialization of 'struct dirent *' from incompatible pointer type 'struct dirent64 *' [-Wincompatible-pointer-types]
14323 |                 struct dirent64 *x = readdir((DIR *)0);
      |                                    ^~~~~~~
configure:14324:27: error: invalid operands to binary - (have 'struct dirent64 *' and 'struct dirent *')
14324 |                 struct dirent *y = readdir((DIR *)0);
      |                           ^
configure:14336: $? = 1
configure: failed program was:
#line 14310 "configure"
#include "confdefs.h"

#pragma GCC diagnostic error "-Wincompatible-pointer-types"
#include <sys/types.h>
#include <dirent.h>

int
main (void)
{

		/* if transitional largefile support is setup, this is true */
		extern struct dirent64 * readdir(DIR *);
		struct dirent64 *x = readdir((DIR *)0);
		struct dirent *y = readdir((DIR *)0);
		int z = x - y;
		(void)z;

  ;
  return 0;
}
configure:14353: result: no
configure:14363: checking if you want tparm not to use X/Open fixed-parameter list
configure:14373: result: yes
configure:14397: checking if you want to enable wattr* macros
configure:14409: result: no
configure:14417: checking for X11 rgb file
configure:14489: result: /usr/share/X11/rgb.txt
configure:14503: checking for type of bool
configure:14513: result: auto
configure:14516: checking for alternate terminal capabilities file
configure:14532: result: Caps
configure:14536: checking for type of chtype
configure:14546: result: uint32_t
configure:14550: checking for type of ospeed
configure:14560: result: short
configure:14564: checking for type of mmask_t
configure:14574: result: uint32_t
configure:14578: checking for size CCHARW_MAX
configure:14588: result: 5
configure:14591: checking for signed char
configure:14612: /home/aimeat/github/anvilos_beta/ext/toolchain/bin/x86_64-unknown-linux-musl-gcc -c -static -Os -fPIC  conftest.c >&5
configure:14615: $? = 0
configure:14618: test -s conftest.o
configure:14621: $? = 0
configure:14631: result: yes
configure:14634: checking size of signed char
configure:14798: /home/aimeat/github/anvilos_beta/ext/toolchain/bin/x86_64-unknown-linux-musl-gcc -o conftest -static -Os -fPIC  -static conftest.c  >&5
configure:14801: $? = 0
configure:14803: ./conftest
configure:14806: $? = 0
configure:14822: result: 1
configure:14833: checking if you want to use signed Boolean array in term.h
configure:14843: result: no
configure:14848: checking for type of tparm args
configure:14858: result: intptr_t
configure:14862: checking if RCS identifiers should be compiled-in
configure:14872: result: no
configure:14881: checking format of man-pages
configure:14972: result:  gzip
configure:15014: checking for manpage renaming
configure:15048: result: /home/aimeat/github/anvilos_beta/oss_sovereignty/sys_03_Libraries/ncurses/source/man/man_db.renames
configure:15051: checking if manpage aliases will be installed
configure:15062: result: yes
configure:15076: checking if manpage symlinks should be used
configure:15095: result: yes
configure:15099: checking for manpage tbl
configure:15110: result: no
configure:15417: checking if you want to build with function extensions
configure:15427: result: yes
configure:15487: checking if you want to build with SCREEN extensions
configure:15497: result: yes
configure:15516: checking if you want to build with terminal-driver
configure:15526: result: no
configure:15547: checking for extended use of const keyword
configure:15557: result: yes
configure:15565: checking if you want to use extended colors
configure:15575: result: yes
configure:15580: WARNING: This option applies only to wide-character library
configure:15619: checking if you want to use extended mouse encoding
configure:15629: result: yes
configure:15660: checking if you want to use extended putwin/screendump
configure:15670: result: yes
configure:15680: checking if you want $NCURSES_NO_PADDING code
configure:15690: result: yes
configure:15698: checking if you want SIGWINCH handler
configure:15708: result: yes
configure:15716: checking if you want user-definable terminal capabilities like termcap
configure:15726: result: yes
configure:15733: checking if you want to link with the pthread library
configure:15743: result: no
configure:16085: checking if you want reentrant code
configure:16095: result: no
configure:16196: checking if you want opaque curses-library structures
configure:16218: result: no
configure:16227: checking if you want opaque form-library structures
configure:16237: result: no
configure:16240: checking if you want opaque menu-library structures
configure:16250: result: no
configure:16253: checking if you want opaque panel-library structures
configure:16263: result: no
configure:16296: checking if you want all development code
configure:16306: result: no
configure:16310: checking if you want hard-tabs code
configure:16320: result: no
configure:16328: checking if you want limited support for xmc
configure:16338: result: no
configure:16348: checking if you do not want to assume colors are white-on-black
configure:16358: result: yes
configure:16366: checking if you want hashmap scrolling-optimization code
configure:16376: result: yes
configure:16384: checking if you want colorfgbg code
configure:16394: result: no
configure:16402: checking if you want to use gcc -fvisibility option
configure:16412: result: no
configure:16749: checking if you want interop bindings
configure:16759: result: yes
configure:16765: checking if you want experimental safe-sprintf code
configure:16775: result: no
configure:16800: checking if you want wgetch-events code
configure:16810: result: no
configure:16861: checking if you want to see long compiling messages
configure:16895: result: yes
configure:16908: checking if you want to install stripped executables
configure:16925: result: yes
configure:16936: checking if install accepts -p option
configure:16967: result: yes
configure:16970: checking if install needs to be told about ownership
configure:16981: result: no
configure:17006: checking if you want to use C11 _Noreturn feature
configure:17023: result: no
configure:17237: checking if you want to turn on gcc warnings
configure:17254: result: no
configure:17506: checking for /home/aimeat/github/anvilos_beta/ext/toolchain/bin/x86_64-unknown-linux-musl-gcc __attribute__ directives...
checking for /home/aimeat/github/anvilos_beta/ext/toolchain/bin/x86_64-unknown-linux-musl-gcc __attribute__((scanf))
configure:17559: /home/aimeat/github/anvilos_beta/ext/toolchain/bin/x86_64-unknown-linux-musl-gcc -c -static -Os -fPIC  conftest.c >&5
configure:17562: $? = 0
checking for /home/aimeat/github/anvilos_beta/ext/toolchain/bin/x86_64-unknown-linux-musl-gcc __attribute__((printf))
configure:17559: /home/aimeat/github/anvilos_beta/ext/toolchain/bin/x86_64-unknown-linux-musl-gcc -c -static -Os -fPIC  conftest.c >&5
configure:17562: $? = 0
checking for /home/aimeat/github/anvilos_beta/ext/toolchain/bin/x86_64-unknown-linux-musl-gcc __attribute__((unused))
configure:17559: /home/aimeat/github/anvilos_beta/ext/toolchain/bin/x86_64-unknown-linux-musl-gcc -c -static -Os -fPIC  conftest.c >&5
configure:17562: $? = 0
checking for /home/aimeat/github/anvilos_beta/ext/toolchain/bin/x86_64-unknown-linux-musl-gcc __attribute__((noreturn))
configure:17559: /home/aimeat/github/anvilos_beta/ext/toolchain/bin/x86_64-unknown-linux-musl-gcc -c -static -Os -fPIC  conftest.c >&5
configure:17562: $? = 0
configure:17922: checking if you want to work around bogus compiler/loader warnings
configure:17932: result: no
configure:18204: checking if you want to enable runtime assertions
configure:18214: result: no
configure:18230: checking if you want to use dmalloc for testing
configure:18252: result: no
configure:18467: checking if you want to use dbmalloc for testing
configure:18489: result: no
configure:18704: checking if you want to use valgrind for testing
configure:18726: result: no
configure:18839: checking if you want to perform memory-leak testing
configure:18850: result: no
configure:18902: checking whether to add trace feature to all models
configure:18912: result: no
configure:19026: checking if we want to use GNAT projects
configure:19043: result: yes
configure:19168: checking if -lm needed for math functions
configure:19191: /home/aimeat/github/anvilos_beta/ext/toolchain/bin/x86_64-unknown-linux-musl-gcc -o conftest -static -Os -fPIC  -DNDEBUG -static conftest.c  >&5
configure:19194: $? = 0
configure:19197: test -s conftest
configure:19200: $? = 0
configure:19210: result: no
configure:19282: checking whether time.h and sys/time.h may both be included
configure:19304: /home/aimeat/github/anvilos_beta/ext/toolchain/bin/x86_64-unknown-linux-musl-gcc -c -static -Os -fPIC  -DNDEBUG conftest.c >&5
configure:19307: $? = 0
configure:19310: test -s conftest.o
configure:19313: $? = 0
configure:19323: result: yes
configure:19691: checking for regcomp
configure:19728: /home/aimeat/github/anvilos_beta/ext/toolchain/bin/x86_64-unknown-linux-musl-gcc -o conftest -static -Os -fPIC  -DNDEBUG -static conftest.c  >&5
configure:19731: $? = 0
configure:19734: test -s conftest
configure:19737: $? = 0
configure:19747: result: yes
configure:19976: checking for regular-expression headers
configure:20051: /home/aimeat/github/anvilos_beta/ext/toolchain/bin/x86_64-unknown-linux-musl-gcc -o conftest -static -Os -fPIC  -DNDEBUG -static conftest.c  >&5
configure:20054: $? = 0
configure:20057: test -s conftest
configure:20060: $? = 0
configure:20076: result: regex.h
configure:20117: checking for fcntl.h
configure:20127: /home/aimeat/github/anvilos_beta/ext/toolchain/bin/x86_64-unknown-linux-musl-gcc -E  -DNDEBUG conftest.c
configure:20133: $? = 0
configure:20152: result: yes
configure:20117: checking for getopt.h
configure:20127: /home/aimeat/github/anvilos_beta/ext/toolchain/bin/x86_64-unknown-linux-musl-gcc -E  -DNDEBUG conftest.c
configure:20133: $? = 0
configure:20152: result: yes
configure:20117: checking for limits.h
configure:20127: /home/aimeat/github/anvilos_beta/ext/toolchain/bin/x86_64-unknown-linux-musl-gcc -E  -DNDEBUG conftest.c
configure:20133: $? = 0
configure:20152: result: yes
configure:20117: checking for locale.h
configure:20127: /home/aimeat/github/anvilos_beta/ext/toolchain/bin/x86_64-unknown-linux-musl-gcc -E  -DNDEBUG conftest.c
configure:20133: $? = 0
configure:20152: result: yes
configure:20117: checking for math.h
configure:20127: /home/aimeat/github/anvilos_beta/ext/toolchain/bin/x86_64-unknown-linux-musl-gcc -E  -DNDEBUG conftest.c
configure:20133: $? = 0
configure:20152: result: yes
configure:20117: checking for poll.h
configure:20127: /home/aimeat/github/anvilos_beta/ext/toolchain/bin/x86_64-unknown-linux-musl-gcc -E  -DNDEBUG conftest.c
configure:20133: $? = 0
configure:20152: result: yes
configure:20117: checking for sys/ioctl.h
configure:20127: /home/aimeat/github/anvilos_beta/ext/toolchain/bin/x86_64-unknown-linux-musl-gcc -E  -DNDEBUG conftest.c
configure:20133: $? = 0
configure:20152: result: yes
configure:20117: checking for sys/param.h
configure:20127: /home/aimeat/github/anvilos_beta/ext/toolchain/bin/x86_64-unknown-linux-musl-gcc -E  -DNDEBUG conftest.c
configure:20133: $? = 0
configure:20152: result: yes
configure:20117: checking for sys/poll.h
configure:20127: /home/aimeat/github/anvilos_beta/ext/toolchain/bin/x86_64-unknown-linux-musl-gcc -E  -DNDEBUG conftest.c
In file included from configure:20124:
/home/aimeat/github/anvilos_beta/ext/toolchain/x86_64-unknown-linux-musl/sysroot/usr/include/sys/poll.h:1:2: warning: #warning redirecting incorrect #include <sys/poll.h> to <poll.h> [-Wcpp]
    1 | #warning redirecting incorrect #include <sys/poll.h> to <poll.h>
      |  ^~~~~~~
configure:20133: $? = 0
configure:20152: result: yes
configure:20117: checking for sys/select.h
configure:20127: /home/aimeat/github/anvilos_beta/ext/toolchain/bin/x86_64-unknown-linux-musl-gcc -E  -DNDEBUG conftest.c
configure:20133: $? = 0
configure:20152: result: yes
configure:20117: checking for sys/time.h
configure:20127: /home/aimeat/github/anvilos_beta/ext/toolchain/bin/x86_64-unknown-linux-musl-gcc -E  -DNDEBUG conftest.c
configure:20133: $? = 0
configure:20152: result: yes
configure:20117: checking for sys/times.h
configure:20127: /home/aimeat/github/anvilos_beta/ext/toolchain/bin/x86_64-unknown-linux-musl-gcc -E  -DNDEBUG conftest.c
configure:20133: $? = 0
configure:20152: result: yes
configure:20117: checking for unistd.h
configure:20152: result: yes
configure:20117: checking for wctype.h
configure:20127: /home/aimeat/github/anvilos_beta/ext/toolchain/bin/x86_64-unknown-linux-musl-gcc -E  -DNDEBUG conftest.c
configure:20133: $? = 0
configure:20152: result: yes
configure:20165: checking for unistd.h
configure:20200: result: yes
configure:20165: checking for getopt.h
configure:20200: result: yes
configure:20210: checking for header declaring getopt variables
configure:20233: /home/aimeat/github/anvilos_beta/ext/toolchain/bin/x86_64-unknown-linux-musl-gcc -c -static -Os -fPIC  -DNDEBUG conftest.c >&5
configure: In function 'main':
configure:20226:9: error: 'optind' undeclared (first use in this function)
20226 | {
      |         ^     
configure:20226:9: note: each undeclared identifier is reported only once for each function it appears in
configure:20226:27: error: 'optarg' undeclared (first use in this function)
20226 | {
      |                           ^     
configure:20236: $? = 1
configure: failed program was:
#line 20220 "configure"
#include "confdefs.h"

#include <stdio.h>
int
main (void)
{
int x = optind; char *y = optarg; (void)x; (void)y
  ;
  return 0;
}
configure:20233: /home/aimeat/github/anvilos_beta/ext/toolchain/bin/x86_64-unknown-linux-musl-gcc -c -static -Os -fPIC  -DNDEBUG conftest.c >&5
configure: In function 'main':
configure:20226:9: error: 'optind' undeclared (first use in this function)
20226 | {
      |         ^     
configure:20226:9: note: each undeclared identifier is reported only once for each function it appears in
configure:20226:27: error: 'optarg' undeclared (first use in this function)
20226 | {
      |                           ^     
configure:20236: $? = 1
configure: failed program was:
#line 20220 "configure"
#include "confdefs.h"

#include <stdlib.h>
int
main (void)
{
int x = optind; char *y = optarg; (void)x; (void)y
  ;
  return 0;
}
configure:20233: /home/aimeat/github/anvilos_beta/ext/toolchain/bin/x86_64-unknown-linux-musl-gcc -c -static -Os -fPIC  -DNDEBUG conftest.c >&5
configure:20236: $? = 0
configure:20239: test -s conftest.o
configure:20242: $? = 0
configure:20254: result: unistd.h
configure:20271: checking if external environ is declared
configure:20291: /home/aimeat/github/anvilos_beta/ext/toolchain/bin/x86_64-unknown-linux-musl-gcc -c -static -Os -fPIC  -DNDEBUG conftest.c >&5
configure: In function 'main':
configure:20317:19: error: 'environ' undeclared (first use in this function)
20317 | 
      |                   ^      
configure:20317:19: note: each undeclared identifier is reported only once for each function it appears in
configure:20294: $? = 1
configure: failed program was:
#line 20278 "configure"
#include "confdefs.h"

#include <stdio.h>
#if HAVE_SYS_TYPES_H
# include <sys/types.h>
#endif
#if HAVE_SYS_STAT_H
# include <sys/stat.h>
#endif
#if STDC_HEADERS
# include <stdlib.h>
# include <stddef.h>
#else
# if HAVE_STDLIB_H
#  include <stdlib.h>
# endif
#endif
#if HAVE_STRING_H
# if !STDC_HEADERS && HAVE_MEMORY_H
#  include <memory.h>
# endif
# include <string.h>
#endif
#if HAVE_STRINGS_H
# include <strings.h>
#endif
#if HAVE_INTTYPES_H
# include <inttypes.h>
#else
# if HAVE_STDINT_H
#  include <stdint.h>
# endif
#endif
#if HAVE_UNISTD_H
# include <unistd.h>
#endif
int
main (void)
{
void* x = (void*) environ; (void)x
  ;
  return 0;
}
configure:20311: result: no
configure:20326: checking if external environ exists
configure:20348: /home/aimeat/github/anvilos_beta/ext/toolchain/bin/x86_64-unknown-linux-musl-gcc -o conftest -static -Os -fPIC  -DNDEBUG -static conftest.c  >&5
configure:20351: $? = 0
configure:20354: test -s conftest
configure:20357: $? = 0
configure:20368: result: yes
configure:20381: checking for getenv
configure:20418: /home/aimeat/github/anvilos_beta/ext/toolchain/bin/x86_64-unknown-linux-musl-gcc -o conftest -static -Os -fPIC  -DNDEBUG -static conftest.c  >&5
configure:20421: $? = 0
configure:20424: test -s conftest
configure:20427: $? = 0
configure:20437: result: yes
configure:20443: checking for putenv
configure:20480: /home/aimeat/github/anvilos_beta/ext/toolchain/bin/x86_64-unknown-linux-musl-gcc -o conftest -static -Os -fPIC  -DNDEBUG -static conftest.c  >&5
configure:20483: $? = 0
configure:20486: test -s conftest
configure:20489: $? = 0
configure:20499: result: yes
configure:20443: checking for setenv
configure:20480: /home/aimeat/github/anvilos_beta/ext/toolchain/bin/x86_64-unknown-linux-musl-gcc -o conftest -static -Os -fPIC  -DNDEBUG -static conftest.c  >&5
configure:20483: $? = 0
configure:20486: test -s conftest
configure:20489: $? = 0
configure:20499: result: yes
configure:20443: checking for strdup
configure:20480: /home/aimeat/github/anvilos_beta/ext/toolchain/bin/x86_64-unknown-linux-musl-gcc -o conftest -static -Os -fPIC  -DNDEBUG -static conftest.c  >&5
configure:20460:6: warning: conflicting types for built-in function 'strdup'; expected 'char *(const char *)' [-Wbuiltin-declaration-mismatch]
20460 |    builtin and then its argument prototype would still apply.  */
      |      ^~~~~~
configure:20483: $? = 0
configure:20486: test -s conftest
configure:20489: $? = 0
configure:20499: result: yes
configure:20509: checking if getenv returns consistent values
configure:20624: /home/aimeat/github/anvilos_beta/ext/toolchain/bin/x86_64-unknown-linux-musl-gcc -o conftest -static -Os -fPIC  -DNDEBUG -static conftest.c  >&5
configure:20627: $? = 0
configure:20629: ./conftest
configure:20632: $? = 0
configure:20645: result: yes
configure:20664: checking if sys/time.h works with sys/select.h
configure:20691: /home/aimeat/github/anvilos_beta/ext/toolchain/bin/x86_64-unknown-linux-musl-gcc -c -static -Os -fPIC  -DNDEBUG conftest.c >&5
configure:20694: $? = 0
configure:20697: test -s conftest.o
configure:20700: $? = 0
configure:20712: result: yes
configure:20727: checking for an ANSI C-conforming const
configure:20791: /home/aimeat/github/anvilos_beta/ext/toolchain/bin/x86_64-unknown-linux-musl-gcc -c -static -Os -fPIC  -DNDEBUG conftest.c >&5
configure:20794: $? = 0
configure:20797: test -s conftest.o
configure:20800: $? = 0
configure:20810: result: yes
configure:20820: checking for inline
configure:20837: /home/aimeat/github/anvilos_beta/ext/toolchain/bin/x86_64-unknown-linux-musl-gcc -c -static -Os -fPIC  -DNDEBUG conftest.c >&5
configure:20840: $? = 0
configure:20843: test -s conftest.o
configure:20846: $? = 0
configure:20857: result: inline
configure:20883: checking if /home/aimeat/github/anvilos_beta/ext/toolchain/bin/x86_64-unknown-linux-musl-gcc supports options to tune inlining
configure:20904: /home/aimeat/github/anvilos_beta/ext/toolchain/bin/x86_64-unknown-linux-musl-gcc -c -static -Os -fPIC --param max-inline-insns-single=1200  -DNDEBUG conftest.c >&5
configure:20907: $? = 0
configure:20910: test -s conftest.o
configure:20913: $? = 0
configure:20925: result: yes
configure:21031: checking for signal global datatype
configure:21067: /home/aimeat/github/anvilos_beta/ext/toolchain/bin/x86_64-unknown-linux-musl-gcc -c -static -Os -fPIC --param max-inline-insns-single=1200  -DNDEBUG conftest.c >&5
configure:21070: $? = 0
configure:21073: test -s conftest.o
configure:21076: $? = 0
configure:21090: result: volatile sig_atomic_t
configure:21179: checking if unsigned literals are legal
configure:21198: /home/aimeat/github/anvilos_beta/ext/toolchain/bin/x86_64-unknown-linux-musl-gcc -c -static -Os -fPIC --param max-inline-insns-single=1200  -DNDEBUG conftest.c >&5
configure:21201: $? = 0
configure:21204: test -s conftest.o
configure:21207: $? = 0
configure:21219: result: yes
configure:21235: checking if external errno is declared
configure:21256: /home/aimeat/github/anvilos_beta/ext/toolchain/bin/x86_64-unknown-linux-musl-gcc -c -static -Os -fPIC --param max-inline-insns-single=1200  -DNDEBUG conftest.c >&5
configure:21259: $? = 0
configure:21262: test -s conftest.o
configure:21265: $? = 0
configure:21276: result: yes
configure:21291: checking if external errno exists
configure:21313: /home/aimeat/github/anvilos_beta/ext/toolchain/bin/x86_64-unknown-linux-musl-gcc -o conftest -static -Os -fPIC --param max-inline-insns-single=1200  -DNDEBUG -static conftest.c  >&5
/home/aimeat/github/anvilos_beta/ext/toolchain/bin/../lib/gcc/x86_64-unknown-linux-musl/15.2.0/../../../../x86_64-unknown-linux-musl/bin/ld: /tmp/cc0wlEww.o: in function `main':
conftest.c:(.text.startup+0x3): undefined reference to `errno'
collect2: error: ld returned 1 exit status
configure:21316: $? = 1
configure: failed program was:
#line 21298 "configure"
#include "confdefs.h"

#undef errno
extern int errno;

int
main (void)
{
errno = 2
  ;
  return 0;
}
configure:21333: result: no
configure:21346: checking if data-only library module links
configure:21357: /home/aimeat/github/anvilos_beta/ext/toolchain/bin/x86_64-unknown-linux-musl-gcc -c -static -Os -fPIC --param max-inline-insns-single=1200  -DNDEBUG conftest.c >&5
configure:21360: $? = 0
configure:21380: /home/aimeat/github/anvilos_beta/ext/toolchain/bin/x86_64-unknown-linux-musl-gcc -c -static -Os -fPIC --param max-inline-insns-single=1200  -DNDEBUG conftest.c >&5
configure:21383: $? = 0
configure:21407: /home/aimeat/github/anvilos_beta/ext/toolchain/bin/x86_64-unknown-linux-musl-gcc -o conftest -static -Os -fPIC --param max-inline-insns-single=1200  -DNDEBUG -static conftest.c conftest.a  >&5
configure:21410: $? = 0
configure:21412: ./conftest
configure:21415: $? = 0
configure:21430: result: yes
configure:21444: checking for clock_gettime
configure:21464: /home/aimeat/github/anvilos_beta/ext/toolchain/bin/x86_64-unknown-linux-musl-gcc -o conftest -static -Os -fPIC --param max-inline-insns-single=1200  -DNDEBUG -static conftest.c  >&5
configure:21467: $? = 0
configure:21470: test -s conftest
configure:21473: $? = 0
configure:21484: result: yes
configure:21667: checking for fpathconf
configure:21704: /home/aimeat/github/anvilos_beta/ext/toolchain/bin/x86_64-unknown-linux-musl-gcc -o conftest -static -Os -fPIC --param max-inline-insns-single=1200  -DNDEBUG -static conftest.c  >&5
configure:21707: $? = 0
configure:21710: test -s conftest
configure:21713: $? = 0
configure:21723: result: yes
configure:21667: checking for getcwd
configure:21704: /home/aimeat/github/anvilos_beta/ext/toolchain/bin/x86_64-unknown-linux-musl-gcc -o conftest -static -Os -fPIC --param max-inline-insns-single=1200  -DNDEBUG -static conftest.c  >&5
configure:21707: $? = 0
configure:21710: test -s conftest
configure:21713: $? = 0
configure:21723: result: yes
configure:21667: checking for getegid
configure:21704: /home/aimeat/github/anvilos_beta/ext/toolchain/bin/x86_64-unknown-linux-musl-gcc -o conftest -static -Os -fPIC --param max-inline-insns-single=1200  -DNDEBUG -static conftest.c  >&5
configure:21707: $? = 0
configure:21710: test -s conftest
configure:21713: $? = 0
configure:21723: result: yes
configure:21667: checking for geteuid
configure:21704: /home/aimeat/github/anvilos_beta/ext/toolchain/bin/x86_64-unknown-linux-musl-gcc -o conftest -static -Os -fPIC --param max-inline-insns-single=1200  -DNDEBUG -static conftest.c  >&5
configure:21707: $? = 0
configure:21710: test -s conftest
configure:21713: $? = 0
configure:21723: result: yes
configure:21667: checking for getopt
configure:21704: /home/aimeat/github/anvilos_beta/ext/toolchain/bin/x86_64-unknown-linux-musl-gcc -o conftest -static -Os -fPIC --param max-inline-insns-single=1200  -DNDEBUG -static conftest.c  >&5
configure:21707: $? = 0
configure:21710: test -s conftest
configure:21713: $? = 0
configure:21723: result: yes
configure:21667: checking for issetugid
configure:21704: /home/aimeat/github/anvilos_beta/ext/toolchain/bin/x86_64-unknown-linux-musl-gcc -o conftest -static -Os -fPIC --param max-inline-insns-single=1200  -DNDEBUG -static conftest.c  >&5
configure:21707: $? = 0
configure:21710: test -s conftest
configure:21713: $? = 0
configure:21723: result: yes
configure:21667: checking for localeconv
configure:21704: /home/aimeat/github/anvilos_beta/ext/toolchain/bin/x86_64-unknown-linux-musl-gcc -o conftest -static -Os -fPIC --param max-inline-insns-single=1200  -DNDEBUG -static conftest.c  >&5
configure:21707: $? = 0
configure:21710: test -s conftest
configure:21713: $? = 0
configure:21723: result: yes
configure:21667: checking for poll
configure:21704: /home/aimeat/github/anvilos_beta/ext/toolchain/bin/x86_64-unknown-linux-musl-gcc -o conftest -static -Os -fPIC --param max-inline-insns-single=1200  -DNDEBUG -static conftest.c  >&5
configure:21707: $? = 0
configure:21710: test -s conftest
configure:21713: $? = 0
configure:21723: result: yes
configure:21667: checking for putenv
configure:21723: result: yes
configure:21667: checking for remove
configure:21723: result: yes
configure:21667: checking for select
configure:21704: /home/aimeat/github/anvilos_beta/ext/toolchain/bin/x86_64-unknown-linux-musl-gcc -o conftest -static -Os -fPIC --param max-inline-insns-single=1200  -DNDEBUG -static conftest.c  >&5
configure:21707: $? = 0
configure:21710: test -s conftest
configure:21713: $? = 0
configure:21723: result: yes
configure:21667: checking for setbuf
configure:21704: /home/aimeat/github/anvilos_beta/ext/toolchain/bin/x86_64-unknown-linux-musl-gcc -o conftest -static -Os -fPIC --param max-inline-insns-single=1200  -DNDEBUG -static conftest.c  >&5
configure:21707: $? = 0
configure:21710: test -s conftest
configure:21713: $? = 0
configure:21723: result: yes
configure:21667: checking for setbuffer
configure:21704: /home/aimeat/github/anvilos_beta/ext/toolchain/bin/x86_64-unknown-linux-musl-gcc -o conftest -static -Os -fPIC --param max-inline-insns-single=1200  -DNDEBUG -static conftest.c  >&5
configure:21707: $? = 0
configure:21710: test -s conftest
configure:21713: $? = 0
configure:21723: result: yes
configure:21667: checking for setenv
configure:21723: result: yes
configure:21667: checking for setfsuid
configure:21704: /home/aimeat/github/anvilos_beta/ext/toolchain/bin/x86_64-unknown-linux-musl-gcc -o conftest -static -Os -fPIC --param max-inline-insns-single=1200  -DNDEBUG -static conftest.c  >&5
configure:21707: $? = 0
configure:21710: test -s conftest
configure:21713: $? = 0
configure:21723: result: yes
configure:21667: checking for setvbuf
configure:21704: /home/aimeat/github/anvilos_beta/ext/toolchain/bin/x86_64-unknown-linux-musl-gcc -o conftest -static -Os -fPIC --param max-inline-insns-single=1200  -DNDEBUG -static conftest.c  >&5
configure:21707: $? = 0
configure:21710: test -s conftest
configure:21713: $? = 0
configure:21723: result: yes
configure:21667: checking for sigaction
configure:21704: /home/aimeat/github/anvilos_beta/ext/toolchain/bin/x86_64-unknown-linux-musl-gcc -o conftest -static -Os -fPIC --param max-inline-insns-single=1200  -DNDEBUG -static conftest.c  >&5
configure:21707: $? = 0
configure:21710: test -s conftest
configure:21713: $? = 0
configure:21723: result: yes
configure:21667: checking for sigvec
configure:21704: /home/aimeat/github/anvilos_beta/ext/toolchain/bin/x86_64-unknown-linux-musl-gcc -o conftest -static -Os -fPIC --param max-inline-insns-single=1200  -DNDEBUG -static conftest.c  >&5
/home/aimeat/github/anvilos_beta/ext/toolchain/bin/../lib/gcc/x86_64-unknown-linux-musl/15.2.0/../../../../x86_64-unknown-linux-musl/bin/ld: /tmp/ccGl06D5.o: in function `main':
conftest.c:(.text.startup+0x2): undefined reference to `sigvec'
collect2: error: ld returned 1 exit status
configure:21707: $? = 1
configure: failed program was:
#line 21673 "configure"
#include "confdefs.h"
#define sigvec autoconf_temporary
#include <limits.h>	/* least-intrusive standard header which defines gcc2 __stub macros */
#undef sigvec

#ifdef __cplusplus
extern "C"
#endif

/* We use char because int might match the return type of a gcc2
   builtin and then its argument prototype would still apply.  */
char sigvec (void);

int
main (void)
{

/* The GNU C library defines stubs for functions which it implements
    to always fail with ENOSYS.  Some functions are actually named
    something starting with __ and the normal name is an alias.  */
#if defined (__stub_sigvec) || defined (__stub___sigvec)
#error found stub for sigvec
#endif

	return sigvec ();
  ;
  return 0;
}
configure:21723: result: no
configure:21667: checking for snprintf
configure:21704: /home/aimeat/github/anvilos_beta/ext/toolchain/bin/x86_64-unknown-linux-musl-gcc -o conftest -static -Os -fPIC --param max-inline-insns-single=1200  -DNDEBUG -static conftest.c  >&5
configure:21684:6: warning: conflicting types for built-in function 'snprintf'; expected 'int(char *, long unsigned int,  const char *, ...)' [-Wbuiltin-declaration-mismatch]
21684 |    builtin and then its argument prototype would still apply.  */
      |      ^~~~~~~~
configure:21676:1: note: 'snprintf' is declared in header '<stdio.h>'
21675 | #define $ac_func autoconf_temporary
  +++ |+#include <stdio.h>
21676 | #include <limits.h>     /* least-intrusive standard header which defines gcc2 __stub macros */
configure:21707: $? = 0
configure:21710: test -s conftest
configure:21713: $? = 0
configure:21723: result: yes
configure:21667: checking for strdup
configure:21723: result: yes
configure:21667: checking for strstr
configure:21704: /home/aimeat/github/anvilos_beta/ext/toolchain/bin/x86_64-unknown-linux-musl-gcc -o conftest -static -Os -fPIC --param max-inline-insns-single=1200  -DNDEBUG -static conftest.c  >&5
configure:21684:6: warning: conflicting types for built-in function 'strstr'; expected 'char *(const char *, const char *)' [-Wbuiltin-declaration-mismatch]
21684 |    builtin and then its argument prototype would still apply.  */
      |      ^~~~~~
configure:21676:1: note: 'strstr' is declared in header '<string.h>'
21675 | #define $ac_func autoconf_temporary
  +++ |+#include <string.h>
21676 | #include <limits.h>     /* least-intrusive standard header which defines gcc2 __stub macros */
configure:21707: $? = 0
configure:21710: test -s conftest
configure:21713: $? = 0
configure:21723: result: yes
configure:21667: checking for sysconf
configure:21704: /home/aimeat/github/anvilos_beta/ext/toolchain/bin/x86_64-unknown-linux-musl-gcc -o conftest -static -Os -fPIC --param max-inline-insns-single=1200  -DNDEBUG -static conftest.c  >&5
configure:21707: $? = 0
configure:21710: test -s conftest
configure:21713: $? = 0
configure:21723: result: yes
configure:21667: checking for tcgetpgrp
configure:21704: /home/aimeat/github/anvilos_beta/ext/toolchain/bin/x86_64-unknown-linux-musl-gcc -o conftest -static -Os -fPIC --param max-inline-insns-single=1200  -DNDEBUG -static conftest.c  >&5
configure:21707: $? = 0
configure:21710: test -s conftest
configure:21713: $? = 0
configure:21723: result: yes
configure:21667: checking for times
configure:21704: /home/aimeat/github/anvilos_beta/ext/toolchain/bin/x86_64-unknown-linux-musl-gcc -o conftest -static -Os -fPIC --param max-inline-insns-single=1200  -DNDEBUG -static conftest.c  >&5
configure:21707: $? = 0
configure:21710: test -s conftest
configure:21713: $? = 0
configure:21723: result: yes
configure:21667: checking for tsearch
configure:21704: /home/aimeat/github/anvilos_beta/ext/toolchain/bin/x86_64-unknown-linux-musl-gcc -o conftest -static -Os -fPIC --param max-inline-insns-single=1200  -DNDEBUG -static conftest.c  >&5
configure:21707: $? = 0
configure:21710: test -s conftest
configure:21713: $? = 0
configure:21723: result: yes
configure:21667: checking for vsnprintf
configure:21704: /home/aimeat/github/anvilos_beta/ext/toolchain/bin/x86_64-unknown-linux-musl-gcc -o conftest -static -Os -fPIC --param max-inline-insns-single=1200  -DNDEBUG -static conftest.c  >&5
configure:21684:6: warning: conflicting types for built-in function 'vsnprintf'; expected 'int(char *, long unsigned int,  const char *, __va_list_tag *)' [-Wbuiltin-declaration-mismatch]
21684 |    builtin and then its argument prototype would still apply.  */
      |      ^~~~~~~~~
configure:21676:1: note: 'vsnprintf' is declared in header '<stdio.h>'
21675 | #define $ac_func autoconf_temporary
  +++ |+#include <stdio.h>
21676 | #include <limits.h>     /* least-intrusive standard header which defines gcc2 __stub macros */
configure:21707: $? = 0
configure:21710: test -s conftest
configure:21713: $? = 0
configure:21723: result: yes
configure:21733: checking if _PATH_TTYS is defined in ttyent.h
configure:21755: /home/aimeat/github/anvilos_beta/ext/toolchain/bin/x86_64-unknown-linux-musl-gcc -c -static -Os -fPIC --param max-inline-insns-single=1200  -DNDEBUG conftest.c >&5
configure:21743:10: fatal error: ttyent.h: No such file or directory
21743 | #include <stdio.h>
      |          ^~~~~~~~~ 
compilation terminated.
configure:21758: $? = 1
configure: failed program was:
#line 21740 "configure"
#include "confdefs.h"

#include <stdio.h>
#include <ttyent.h>
int
main (void)
{

FILE *fp = fopen(_PATH_TTYS, "r"); (void)fp
  ;
  return 0;
}
configure:21774: result: no
configure:22042: checking for isascii
configure:22061: /home/aimeat/github/anvilos_beta/ext/toolchain/bin/x86_64-unknown-linux-musl-gcc -o conftest -static -Os -fPIC --param max-inline-insns-single=1200  -DNDEBUG -static conftest.c  >&5
configure:22064: $? = 0
configure:22067: test -s conftest
configure:22070: $? = 0
configure:22081: result: yes
configure:22089: checking whether sigaction needs _POSIX_SOURCE
configure:22106: /home/aimeat/github/anvilos_beta/ext/toolchain/bin/x86_64-unknown-linux-musl-gcc -c -static -Os -fPIC --param max-inline-insns-single=1200  -DNDEBUG conftest.c >&5
configure:22109: $? = 0
configure:22112: test -s conftest.o
configure:22115: $? = 0
configure:22163: result: no
configure:22167: checking if nanosleep really works
configure:22203: /home/aimeat/github/anvilos_beta/ext/toolchain/bin/x86_64-unknown-linux-musl-gcc -o conftest -static -Os -fPIC --param max-inline-insns-single=1200  -DNDEBUG -static conftest.c  >&5
configure:22206: $? = 0
configure:22208: ./conftest
configure:22211: $? = 0
configure:22223: result: yes
configure:22240: checking for termio.h
configure:22250: /home/aimeat/github/anvilos_beta/ext/toolchain/bin/x86_64-unknown-linux-musl-gcc -E  -DNDEBUG conftest.c
configure:22247:10: fatal error: termio.h: No such file or directory
22247 | #include "confdefs.h"
      |          ^~~~~~~~~~
compilation terminated.
configure:22256: $? = 1
configure: failed program was:
#line 22246 "configure"
#include "confdefs.h"
#include <termio.h>
configure:22275: result: no
configure:22240: checking for termios.h
configure:22250: /home/aimeat/github/anvilos_beta/ext/toolchain/bin/x86_64-unknown-linux-musl-gcc -E  -DNDEBUG conftest.c
configure:22256: $? = 0
configure:22275: result: yes
configure:22240: checking for unistd.h
configure:22275: result: yes
configure:22240: checking for sys/ioctl.h
configure:22275: result: yes
configure:22240: checking for sys/termio.h
configure:22250: /home/aimeat/github/anvilos_beta/ext/toolchain/bin/x86_64-unknown-linux-musl-gcc -E  -DNDEBUG conftest.c
configure:22247:10: fatal error: sys/termio.h: No such file or directory
22247 | #include "confdefs.h"
      |          ^~~~~~~~~~~~  
compilation terminated.
configure:22256: $? = 1
configure: failed program was:
#line 22246 "configure"
#include "confdefs.h"
#include <sys/termio.h>
configure:22275: result: no
configure:22292: checking whether termios.h needs _POSIX_SOURCE
configure:22307: /home/aimeat/github/anvilos_beta/ext/toolchain/bin/x86_64-unknown-linux-musl-gcc -c -static -Os -fPIC --param max-inline-insns-single=1200  -DNDEBUG conftest.c >&5
configure:22310: $? = 0
configure:22313: test -s conftest.o
configure:22316: $? = 0
configure:22363: result: no
configure:22368: checking for tcgetattr
configure:22403: /home/aimeat/github/anvilos_beta/ext/toolchain/bin/x86_64-unknown-linux-musl-gcc -o conftest -static -Os -fPIC --param max-inline-insns-single=1200  -DNDEBUG -static conftest.c  >&5
configure:22406: $? = 0
configure:22409: test -s conftest
configure:22412: $? = 0
configure:22422: result: yes
configure:22429: checking for vsscanf function or workaround
configure:22452: /home/aimeat/github/anvilos_beta/ext/toolchain/bin/x86_64-unknown-linux-musl-gcc -o conftest -static -Os -fPIC --param max-inline-insns-single=1200  -DNDEBUG -static conftest.c  >&5
configure:22455: $? = 0
configure:22458: test -s conftest
configure:22461: $? = 0
configure:22554: result: vsscanf
configure:22580: checking for unistd.h
configure:22615: result: yes
configure:22625: checking for working mkstemp
configure:22671: /home/aimeat/github/anvilos_beta/ext/toolchain/bin/x86_64-unknown-linux-musl-gcc -o conftest -static -Os -fPIC --param max-inline-insns-single=1200  -DNDEBUG -static conftest.c  >&5
configure:22674: $? = 0
configure:22676: ./conftest
configure:22679: $? = 0
configure:22694: result: yes
configure:22777: checking whether setvbuf arguments are reversed
configure:22805: /home/aimeat/github/anvilos_beta/ext/toolchain/bin/x86_64-unknown-linux-musl-gcc -o conftest -static -Os -fPIC --param max-inline-insns-single=1200  -DNDEBUG -static conftest.c  >&5
configure: In function 'main':
configure:22797:23: error: passing argument 2 of 'setvbuf' makes pointer from integer without a cast [-Wint-conversion]
22797 |      is not _IOLBF, _IONBF, or _IOFBF, and return nonzero.  */
      |                       ^~~~~~
      |                       |
      |                       int
In file included from configure:22789:
/home/aimeat/github/anvilos_beta/ext/toolchain/x86_64-unknown-linux-musl/sysroot/usr/include/stdio.h:128:31: note: expected 'char * restrict' but argument is of type 'int'
  128 | int setvbuf(FILE *__restrict, char *__restrict, int, size_t);
      |                               ^
configure:22797:31: error: passing argument 3 of 'setvbuf' makes integer from pointer without a cast [-Wint-conversion]
22797 |      is not _IOLBF, _IONBF, or _IOFBF, and return nonzero.  */
      |                               ^~~~~~~~~~~~~
      |                               |
      |                               char *
/home/aimeat/github/anvilos_beta/ext/toolchain/x86_64-unknown-linux-musl/sysroot/usr/include/stdio.h:128:49: note: expected 'int' but argument is of type 'char *'
  128 | int setvbuf(FILE *__restrict, char *__restrict, int, size_t);
      |                                                 ^~~
configure:22808: $? = 1
configure: program exited with status 1
configure: failed program was:
#line 22788 "configure"
#include "confdefs.h"
#include <stdio.h>
/* If setvbuf has the reversed format, exit 0. */
int
main (void)
{
  /* This call has the arguments reversed.
     A reversed system may check and see that the address of main
     is not _IOLBF, _IONBF, or _IOFBF, and return nonzero.  */
  if (setvbuf(stdout, _IOLBF, (char *) main, BUFSIZ) != 0)
    return(1);
  putc('\r', stdout);
  return(0);			/* Non-reversed systems segv here.  */
}
configure:22826: result: no
configure:22837: checking for intptr_t
configure:22858: /home/aimeat/github/anvilos_beta/ext/toolchain/bin/x86_64-unknown-linux-musl-gcc -c -static -Os -fPIC --param max-inline-insns-single=1200  -DNDEBUG conftest.c >&5
configure:22861: $? = 0
configure:22864: test -s conftest.o
configure:22867: $? = 0
configure:22877: result: yes
configure:22889: checking for ssize_t
configure:22910: /home/aimeat/github/anvilos_beta/ext/toolchain/bin/x86_64-unknown-linux-musl-gcc -c -static -Os -fPIC --param max-inline-insns-single=1200  -DNDEBUG conftest.c >&5
configure:22913: $? = 0
configure:22916: test -s conftest.o
configure:22919: $? = 0
configure:22929: result: yes
configure:22941: checking for type sigaction_t
configure:22961: /home/aimeat/github/anvilos_beta/ext/toolchain/bin/x86_64-unknown-linux-musl-gcc -c -static -Os -fPIC --param max-inline-insns-single=1200  -DNDEBUG conftest.c >&5
configure: In function 'main':
configure:22954:1: error: unknown type name 'sigaction_t'
22954 | {
      | ^          
configure:22964: $? = 1
configure: failed program was:
#line 22948 "configure"
#include "confdefs.h"

#include <signal.h>
int
main (void)
{
sigaction_t x
  ;
  return 0;
}
configure:22981: result: no
configure:22988: checking declaration of size-change
configure:23059: /home/aimeat/github/anvilos_beta/ext/toolchain/bin/x86_64-unknown-linux-musl-gcc -c -static -Os -fPIC --param max-inline-insns-single=1200  -DNDEBUG conftest.c >&5
configure:23062: $? = 0
configure:23065: test -s conftest.o
configure:23068: $? = 0
size-change succeeded ()
configure:23087: result: yes
configure:23105: checking for memmove
configure:23142: /home/aimeat/github/anvilos_beta/ext/toolchain/bin/x86_64-unknown-linux-musl-gcc -o conftest -static -Os -fPIC --param max-inline-insns-single=1200  -DNDEBUG -static conftest.c  >&5
configure:23122:6: warning: conflicting types for built-in function 'memmove'; expected 'void *(void *, const void *, long unsigned int)' [-Wbuiltin-declaration-mismatch]
23122 |    builtin and then its argument prototype would still apply.  */
      |      ^~~~~~~
configure:23114:1: note: 'memmove' is declared in header '<string.h>'
23113 | #define memmove autoconf_temporary
  +++ |+#include <string.h>
23114 | #include <limits.h>     /* least-intrusive standard header which defines gcc2 __stub macros */
configure:23145: $? = 0
configure:23148: test -s conftest
configure:23151: $? = 0
configure:23161: result: yes
configure:23367: checking if poll really works
configure:23430: /home/aimeat/github/anvilos_beta/ext/toolchain/bin/x86_64-unknown-linux-musl-gcc -o conftest -static -Os -fPIC --param max-inline-insns-single=1200  -DNDEBUG -static conftest.c  >&5
configure:23433: $? = 0
configure:23435: ./conftest
configure:23438: $? = 0
configure:23450: result: yes
configure:23457: checking for va_copy
configure:23481: /home/aimeat/github/anvilos_beta/ext/toolchain/bin/x86_64-unknown-linux-musl-gcc -o conftest -static -Os -fPIC --param max-inline-insns-single=1200  -DNDEBUG -static conftest.c  >&5
configure:23484: $? = 0
configure:23487: test -s conftest
configure:23490: $? = 0
configure:23500: result: yes
configure:23730: checking for pid_t
configure:23751: /home/aimeat/github/anvilos_beta/ext/toolchain/bin/x86_64-unknown-linux-musl-gcc -c -static -Os -fPIC --param max-inline-insns-single=1200  -DNDEBUG conftest.c >&5
configure:23754: $? = 0
configure:23757: test -s conftest.o
configure:23760: $? = 0
configure:23770: result: yes
configure:23785: checking for unistd.h
configure:23820: result: yes
configure:23785: checking for vfork.h
configure:23795: /home/aimeat/github/anvilos_beta/ext/toolchain/bin/x86_64-unknown-linux-musl-gcc -E  -DNDEBUG conftest.c
configure:23792:10: fatal error: vfork.h: No such file or directory
23792 | #include "confdefs.h"
      |          ^~~~~~~~~
compilation terminated.
configure:23801: $? = 1
configure: failed program was:
#line 23791 "configure"
#include "confdefs.h"
#include <vfork.h>
configure:23820: result: no
configure:23833: checking for fork
configure:23870: /home/aimeat/github/anvilos_beta/ext/toolchain/bin/x86_64-unknown-linux-musl-gcc -o conftest -static -Os -fPIC --param max-inline-insns-single=1200  -DNDEBUG -static conftest.c  >&5
configure:23850:6: warning: conflicting types for built-in function 'fork'; expected 'int(void)' [-Wbuiltin-declaration-mismatch]
23850 |    builtin and then its argument prototype would still apply.  */
      |      ^~~~
configure:23873: $? = 0
configure:23876: test -s conftest
configure:23879: $? = 0
configure:23889: result: yes
configure:23833: checking for vfork
configure:23870: /home/aimeat/github/anvilos_beta/ext/toolchain/bin/x86_64-unknown-linux-musl-gcc -o conftest -static -Os -fPIC --param max-inline-insns-single=1200  -DNDEBUG -static conftest.c  >&5
configure:23873: $? = 0
configure:23876: test -s conftest
configure:23879: $? = 0
configure:23889: result: yes
configure:23901: checking for working fork
configure:23944: result: yes
configure:23963: checking for working vfork
configure:24089: result: yes
configure:24120: checking if fopen accepts explicit binary mode
configure:24165: /home/aimeat/github/anvilos_beta/ext/toolchain/bin/x86_64-unknown-linux-musl-gcc -o conftest -static -Os -fPIC --param max-inline-insns-single=1200  -DNDEBUG -static conftest.c  >&5
configure:24168: $? = 0
configure:24170: ./conftest
configure:24173: $? = 0
configure:24186: result: yes
configure:24195: checking for openpty in -lutil
configure:24222: /home/aimeat/github/anvilos_beta/ext/toolchain/bin/x86_64-unknown-linux-musl-gcc -o conftest -static -Os -fPIC --param max-inline-insns-single=1200  -DNDEBUG -static conftest.c -lutil   >&5
configure:24225: $? = 0
configure:24228: test -s conftest
configure:24231: $? = 0
configure:24242: result: yes
configure:24250: checking for openpty header
configure:24294: /home/aimeat/github/anvilos_beta/ext/toolchain/bin/x86_64-unknown-linux-musl-gcc -o conftest -static -Os -fPIC --param max-inline-insns-single=1200  -DNDEBUG -static conftest.c -lutil  >&5
configure:24297: $? = 0
configure:24300: test -s conftest
configure:24303: $? = 0
configure:24321: result: pty.h
configure:24963: checking if we should include stdbool.h
configure:24983: /home/aimeat/github/anvilos_beta/ext/toolchain/bin/x86_64-unknown-linux-musl-gcc -c -static -Os -fPIC --param max-inline-insns-single=1200  -DNDEBUG conftest.c >&5
configure:24986: $? = 0
configure:24989: test -s conftest.o
configure:24992: $? = 0
configure:25040: result: no
configure:25044: checking for builtin bool type
configure:25067: /home/aimeat/github/anvilos_beta/ext/toolchain/bin/x86_64-unknown-linux-musl-gcc -c -static -Os -fPIC --param max-inline-insns-single=1200  -DNDEBUG conftest.c >&5
configure:25070: $? = 0
configure:25073: test -s conftest.o
configure:25076: $? = 0
configure:25089: result: yes
configure:27180: checking for fallback type of bool
configure:27186: result: int
configure:28112: checking for library subsets
configure:28166: result: ticlib+termlib+ext_tinfo base+ext_funcs
configure:28197: checking default library suffix
configure:28208: result: 
configure:28211: checking default library-dependency suffix
configure:28294: result: .a
configure:28297: checking default object directory
configure:28313: result: objects
configure:28586: checking if linker supports switching between static/dynamic
configure:28595: /home/aimeat/github/anvilos_beta/ext/toolchain/bin/x86_64-unknown-linux-musl-gcc -c -static -Os -fPIC --param max-inline-insns-single=1200 -I. -I../include  -DNDEBUG conftest.c >&5
configure:28598: $? = 0
configure:28627: /home/aimeat/github/anvilos_beta/ext/toolchain/bin/x86_64-unknown-linux-musl-gcc -o conftest -static -Os -fPIC --param max-inline-insns-single=1200 -I. -I../include  -DNDEBUG -static conftest.c -static -L/home/aimeat/github/anvilos_beta/oss_sovereignty/sys_03_Libraries/ncurses/source -lconftest   >&5
configure:28630: $? = 0
configure:28633: test -s conftest
configure:28636: $? = 0
configure:28659: result: no
configure:28675: checking where we will install curses.h
configure:28685: result: ${prefix}/include/ncurses
configure:28721: checking for desired basename for form library
configure:28741: result: form
configure:28744: checking for desired basename for menu library
configure:28764: result: menu
configure:28767: checking for desired basename for panel library
configure:28787: result: panel
configure:28790: checking for desired basename for cxx library
configure:28810: result: ncurses++
configure:28816: checking for src modules
configure:28885: result: ncurses panel menu form
configure:29057: checking for defines to add to ncurses6-config script
configure:29073: result: 
configure:29161: checking for linker search path
configure:29250: result: /lib/x86_64-linux-gnu /usr/lib/x86_64-linux-gnu /lib64 /usr/lib64 /usr/local/lib /lib /usr/lib
configure:29340: creating ./config.status

## ----------------------- ##
## Running config.status.  ##
## ----------------------- ##

This file was extended by config.status 2.52.20230114, executed with
  CONFIG_FILES    = 
  CONFIG_HEADERS  = 
  CONFIG_LINKS    = 
  CONFIG_COMMANDS = 
  > "./config.status "
on anvilosbeta

config.status:30184: creating include/MKterm.h.awk
config.status:30184: creating include/curses.head
config.status:30184: creating include/ncurses_dll.h
config.status:30184: creating include/termcap.h
config.status:30184: creating include/unctrl.h
config.status:30184: creating man/man_db.renames
config.status:30184: creating include/Makefile
config.status:30184: creating ncurses/Makefile
config.status:30184: creating panel/Makefile
config.status:30184: creating menu/Makefile
config.status:30184: creating form/Makefile
config.status:30184: creating misc/Makefile
config.status:30184: creating misc/ncurses-config
config.status:30184: creating man/ncurses6-config.1
config.status:30184: creating Makefile
config.status:30345: creating include/ncurses_cfg.h

## ----------------- ##
## Cache variables.  ##
## ----------------- ##

ac_cv_build='x86_64-pc-linux-gnu'
ac_cv_build_alias='x86_64-pc-linux-gnu'
ac_cv_c_compiler_gnu='yes'
ac_cv_c_const='yes'
ac_cv_c_inline='inline'
ac_cv_env_CC_set='set'
ac_cv_env_CC_value='/home/aimeat/github/anvilos_beta/ext/toolchain/bin/x86_64-unknown-linux-musl-gcc'
ac_cv_env_CFLAGS_set='set'
ac_cv_env_CFLAGS_value='-static -Os -fPIC'
ac_cv_env_CPPFLAGS_set=''
ac_cv_env_CPPFLAGS_value=''
ac_cv_env_CPP_set=''
ac_cv_env_CPP_value=''
ac_cv_env_CXXCPP_set=''
ac_cv_env_CXXCPP_value=''
ac_cv_env_CXXFLAGS_set=''
ac_cv_env_CXXFLAGS_value=''
ac_cv_env_CXX_set=''
ac_cv_env_CXX_value=''
ac_cv_env_LDFLAGS_set='set'
ac_cv_env_LDFLAGS_value='-static'
ac_cv_env_build_alias_set=''
ac_cv_env_build_alias_value=''
ac_cv_env_host_alias_set=''
ac_cv_env_host_alias_value=''
ac_cv_env_target_alias_set=''
ac_cv_env_target_alias_value=''
ac_cv_func_fork='yes'
ac_cv_func_fork_works='yes'
ac_cv_func_fpathconf='yes'
ac_cv_func_fseeko='yes'
ac_cv_func_getcwd='yes'
ac_cv_func_getegid='yes'
ac_cv_func_getenv='yes'
ac_cv_func_geteuid='yes'
ac_cv_func_getopt='yes'
ac_cv_func_issetugid='yes'
ac_cv_func_link='yes'
ac_cv_func_localeconv='yes'
ac_cv_func_memmove='yes'
ac_cv_func_poll='yes'
ac_cv_func_putenv='yes'
ac_cv_func_regcomp='yes'
ac_cv_func_remove='yes'
ac_cv_func_select='yes'
ac_cv_func_setbuf='yes'
ac_cv_func_setbuffer='yes'
ac_cv_func_setenv='yes'
ac_cv_func_setfsuid='yes'
ac_cv_func_setvbuf='yes'
ac_cv_func_setvbuf_reversed='no'
ac_cv_func_sigaction='yes'
ac_cv_func_sigvec='no'
ac_cv_func_snprintf='yes'
ac_cv_func_strdup='yes'
ac_cv_func_strstr='yes'
ac_cv_func_symlink='yes'
ac_cv_func_sysconf='yes'
ac_cv_func_tcgetpgrp='yes'
ac_cv_func_times='yes'
ac_cv_func_tsearch='yes'
ac_cv_func_unlink='yes'
ac_cv_func_vfork='yes'
ac_cv_func_vfork_works='yes'
ac_cv_func_vsnprintf='yes'
ac_cv_have_decl_exit='yes'
ac_cv_header_dirent_dirent_h='yes'
ac_cv_header_fcntl_h='yes'
ac_cv_header_getopt_h='yes'
ac_cv_header_gpm_h='no'
ac_cv_header_inttypes_h='yes'
ac_cv_header_limits_h='yes'
ac_cv_header_locale_h='yes'
ac_cv_header_math_h='yes'
ac_cv_header_memory_h='yes'
ac_cv_header_poll_h='yes'
ac_cv_header_stdc='yes'
ac_cv_header_stdint_h='yes'
ac_cv_header_stdlib_h='yes'
ac_cv_header_string_h='yes'
ac_cv_header_strings_h='yes'
ac_cv_header_sys_ioctl_h='yes'
ac_cv_header_sys_param_h='yes'
ac_cv_header_sys_poll_h='yes'
ac_cv_header_sys_select_h='yes'
ac_cv_header_sys_stat_h='yes'
ac_cv_header_sys_termio_h='no'
ac_cv_header_sys_time_h='yes'
ac_cv_header_sys_times_h='yes'
ac_cv_header_sys_types_h='yes'
ac_cv_header_termio_h='no'
ac_cv_header_termios_h='yes'
ac_cv_header_time='yes'
ac_cv_header_unistd_h='yes'
ac_cv_header_vfork_h='no'
ac_cv_header_wctype_h='yes'
ac_cv_host='x86_64-pc-linux-gnu'
ac_cv_host_alias='x86_64-pc-linux-gnu'
ac_cv_lib_dir_opendir='no'
ac_cv_lib_util_openpty='yes'
ac_cv_objext='o'
ac_cv_path_EGREP='grep -E'
ac_cv_path_FGREP='grep -F'
ac_cv_path_INFOCMP='/usr/bin/infocmp'
ac_cv_path_LDCONFIG='/usr/sbin/ldconfig'
ac_cv_path_TIC='/usr/bin/tic'
ac_cv_path_ac_pt_PKG_CONFIG='none'
ac_cv_path_install='/usr/bin/install -c'
ac_cv_prog_AWK='mawk'
ac_cv_prog_CPP='/home/aimeat/github/anvilos_beta/ext/toolchain/bin/x86_64-unknown-linux-musl-gcc -E'
ac_cv_prog_GREP='grep'
ac_cv_prog_MAKE_LOWER_TAGS='no'
ac_cv_prog_MAKE_UPPER_TAGS='no'
ac_cv_prog_ac_ct_AR='ar'
ac_cv_prog_ac_ct_INFOCMP='infocmp'
ac_cv_prog_ac_ct_LD='ld'
ac_cv_prog_ac_ct_NM='nm'
ac_cv_prog_ac_ct_RANLIB='ranlib'
ac_cv_prog_ac_ct_TIC='tic'
ac_cv_prog_cc_g='yes'
ac_cv_prog_cc_stdc=''
ac_cv_prog_gcc_traditional='no'
ac_cv_prog_make_make_set='yes'
ac_cv_sizeof_signed_char='1'
ac_cv_sys_file_offset_bits='no'
ac_cv_sys_large_files='no'
ac_cv_sys_largefile_CC='no'
ac_cv_sys_largefile_source='no'
ac_cv_sys_long_file_names='yes'
ac_cv_target='x86_64-pc-linux-gnu'
ac_cv_target_alias='x86_64-pc-linux-gnu'
ac_cv_type_intptr_t='yes'
ac_cv_type_pid_t='yes'
ac_cv_type_signed_char='yes'
ac_cv_type_ssize_t='yes'
am_cv_langinfo_codeset='yes'
cf_cv_1UL='1U'
cf_cv_PATH_TTYS='no'
cf_cv_abi_default='6'
cf_cv_abi_version='6'
cf_cv_ar_flags='-curvU'
cf_cv_builtin_bool='1'
cf_cv_c11_noreturn='no,'
cf_cv_cc_bool_type='1'
cf_cv_consistent_getenv='yes'
cf_cv_dcl_environ='no'
cf_cv_dcl_errno='yes'
cf_cv_define_sigwinch='yes'
cf_cv_do_reranlib='no'
cf_cv_do_symlinks='yes'
cf_cv_enable_lp64='1'
cf_cv_enable_opaque='NCURSES_OPAQUE'
cf_cv_enable_reentrant='0'
cf_cv_fopen_bin_r='yes'
cf_cv_func_clock_gettime='yes'
cf_cv_func_mkstemp='yes'
cf_cv_func_nanosleep='yes'
cf_cv_func_openpty='pty.h'
cf_cv_func_vsscanf='vsscanf'
cf_cv_gcc_inline='yes'
cf_cv_getopt_header='unistd.h'
cf_cv_gnu_library='no'
cf_cv_have_environ='yes'
cf_cv_have_errno='no'
cf_cv_have_isascii='yes'
cf_cv_have_libm='yes'
cf_cv_have_tcgetattr='yes'
cf_cv_have_va_copy='yes'
cf_cv_header_stdbool_h='0'
cf_cv_install_p='yes'
cf_cv_ld_searchpath='/lib/x86_64-linux-gnu /usr/lib/x86_64-linux-gnu /lib64 /usr/lib64 /usr/local/lib /lib /usr/lib'
cf_cv_lib_util='yes'
cf_cv_link_dataonly='yes'
cf_cv_link_funcs=' link symlink'
cf_cv_make_PHONY='yes'
cf_cv_makeflags=''
cf_cv_mixedcase='yes'
cf_cv_need_libm='no'
cf_cv_posix_visible='no'
cf_cv_prog_CC_c_o='yes'
cf_cv_regex_hdrs='regex.h'
cf_cv_rel_version='6.4'
cf_cv_rm_so_locs='no'
cf_cv_shared_soname='`basename $@ .${REL_VERSION}`.${ABI_VERSION}'
cf_cv_shlib_version='rel'
cf_cv_shlib_version_infix='no'
cf_cv_sig_atomic_t='volatile sig_atomic_t'
cf_cv_sizechange='yes'
cf_cv_src_modules='ncurses panel menu form'
cf_cv_struct_dirent64='no'
cf_cv_sys_time_select='yes'
cf_cv_system_name='linux-gnu'
cf_cv_timestamp='Mon Jan 19 21:29:14 UTC 2026'
cf_cv_type_of_bool='int'
cf_cv_type_sigaction='no'
cf_cv_typeof_chtype='uint32_t'
cf_cv_typeof_mmask_t='uint32_t'
cf_cv_unsigned_literals='yes'
cf_cv_working_poll='yes'

## ------------ ##
## confdefs.h.  ##
## ------------ ##

#define PACKAGE "ncurses"
#define NCURSES_VERSION "6.4"
#define NCURSES_PATCHDATE 20230311
#define SYSTEM_NAME "linux-gnu"
#define HAVE_LONG_FILE_NAMES 1
#define MIXEDCASE_FILENAMES 1
#define STDC_HEADERS 1
#define HAVE_SYS_TYPES_H 1
#define HAVE_SYS_STAT_H 1
#define HAVE_STDLIB_H 1
#define HAVE_STRING_H 1
#define HAVE_MEMORY_H 1
#define HAVE_STRINGS_H 1
#define HAVE_INTTYPES_H 1
#define HAVE_STDINT_H 1
#define HAVE_UNISTD_H 1
#define HAVE_DIRENT_H 1
#define TIC_PATH "tic"
#define INFOCMP_PATH "infocmp"
#define HAVE_BIG_CORE 1
#define TERMPATH "/etc/termcap:/usr/share/misc/termcap"
#define USE_ROOT_ENVIRON 1
#define USE_ROOT_ACCESS 1
#define HAVE_UNISTD_H 1
#define HAVE_REMOVE 1
#define HAVE_UNLINK 1
#define HAVE_LINK 1
#define HAVE_SYMLINK 1
#define USE_LINKS 1
#define HAVE_LANGINFO_CODESET 1
#define HAVE_FSEEKO 1
#define RGB_PATH "/usr/share/X11/rgb.txt"
#define SIZEOF_SIGNED_CHAR 1
#define NCURSES_EXT_FUNCS 1
#define HAVE_ASSUME_DEFAULT_COLORS 1
#define HAVE_CURSES_VERSION 1
#define HAVE_HAS_KEY 1
#define HAVE_RESIZETERM 1
#define HAVE_RESIZE_TERM 1
#define HAVE_TERM_ENTRY_H 1
#define HAVE_USE_DEFAULT_COLORS 1
#define HAVE_USE_EXTENDED_NAMES 1
#define HAVE_USE_SCREEN 1
#define HAVE_USE_WINDOW 1
#define HAVE_WRESIZE 1
#define NCURSES_SP_FUNCS 1
#define HAVE_TPUTS_SP 1
#define NCURSES_EXT_PUTWIN 1
#define NCURSES_NO_PADDING 1
#define USE_SIGWINCH 1
#define NCURSES_WRAP_PREFIX "_nc_"
#define USE_ASSUMED_COLOR 1
#define USE_HASHMAP 1
#define GCC_SCANF 1
#define GCC_SCANF 1
#define GCC_SCANFLIKE(fmt,var) __attribute__((format(scanf,fmt,var)))
#define GCC_PRINTF 1
#define GCC_PRINTF 1
#define GCC_PRINTFLIKE(fmt,var) __attribute__((format(printf,fmt,var)))
#define GCC_UNUSED __attribute__((unused))
#define GCC_UNUSED __attribute__((unused))
#define GCC_NORETURN __attribute__((noreturn))
#define GCC_NORETURN __attribute__((noreturn))
#define HAVE_NC_ALLOC_H 1
#define HAVE_MATH_FUNCS 1
#define TIME_WITH_SYS_TIME 1
#define HAVE_REGEX_H_FUNCS 1
#define HAVE_FCNTL_H 1
#define HAVE_GETOPT_H 1
#define HAVE_LIMITS_H 1
#define HAVE_LOCALE_H 1
#define HAVE_MATH_H 1
#define HAVE_POLL_H 1
#define HAVE_SYS_IOCTL_H 1
#define HAVE_SYS_PARAM_H 1
#define HAVE_SYS_POLL_H 1
#define HAVE_SYS_SELECT_H 1
#define HAVE_SYS_TIME_H 1
#define HAVE_SYS_TIMES_H 1
#define HAVE_UNISTD_H 1
#define HAVE_WCTYPE_H 1
#define HAVE_UNISTD_H 1
#define HAVE_GETOPT_H 1
#define HAVE_GETOPT_HEADER 1
#define DECL_ENVIRON 1
#define HAVE_ENVIRON 1
#define HAVE_PUTENV 1
#define HAVE_SETENV 1
#define HAVE_STRDUP 1
#define HAVE_SYS_TIME_SELECT 1
#define SIG_ATOMIC_T volatile sig_atomic_t
#define HAVE_CLOCK_GETTIME 1
#define HAVE_FPATHCONF 1
#define HAVE_GETCWD 1
#define HAVE_GETEGID 1
#define HAVE_GETEUID 1
#define HAVE_GETOPT 1
#define HAVE_ISSETUGID 1
#define HAVE_LOCALECONV 1
#define HAVE_POLL 1
#define HAVE_PUTENV 1
#define HAVE_REMOVE 1
#define HAVE_SELECT 1
#define HAVE_SETBUF 1
#define HAVE_SETBUFFER 1
#define HAVE_SETENV 1
#define HAVE_SETFSUID 1
#define HAVE_SETVBUF 1
#define HAVE_SIGACTION 1
#define HAVE_SNPRINTF 1
#define HAVE_STRDUP 1
#define HAVE_STRSTR 1
#define HAVE_SYSCONF 1
#define HAVE_TCGETPGRP 1
#define HAVE_TIMES 1
#define HAVE_TSEARCH 1
#define HAVE_VSNPRINTF 1
#define HAVE_ISASCII 1
#define HAVE_NANOSLEEP 1
#define HAVE_TERMIOS_H 1
#define HAVE_UNISTD_H 1
#define HAVE_SYS_IOCTL_H 1
#define HAVE_TCGETATTR 1
#define HAVE_VSSCANF 1
#define HAVE_UNISTD_H 1
#define HAVE_MKSTEMP 1
#define HAVE_SIZECHANGE 1
#define HAVE_WORKING_POLL 1
#define HAVE_VA_COPY 1
#define HAVE_UNISTD_H 1
#define HAVE_FORK 1
#define HAVE_VFORK 1
#define HAVE_WORKING_VFORK 1
#define HAVE_WORKING_FORK 1
#define USE_FOPEN_BIN_R 1
#define USE_OPENPTY_HEADER <pty.h>
#define USE_XTERM_PTY 1
#define HAVE_SLK_COLOR 1
#define HAVE_PANEL_H 1
#define HAVE_LIBPANEL 1
#define HAVE_MENU_H 1
#define HAVE_LIBMENU 1
#define HAVE_FORM_H 1
#define HAVE_LIBFORM 1
#define NCURSES_PATHSEP ':'
#define NCURSES_VERSION_STRING "6.4.20230311"
#define NCURSES_OSPEED_COMPAT 1
#define HAVE_CURSES_DATA_BOOLNAMES 1


configure: exit 0
