[1] BIG IRON v3.0 ONLINE. Watching /home/aimeat/github/anvilos_beat/runtime/cortex.db
[1] BIG IRON v3.0 ONLINE. Watching /home/aimeat/github/anvilos_beat/runtime/cortex.db
[1] BIG IRON v3.0 ONLINE. Watching /home/aimeat/github/anvilos_beat/runtime/cortex.db
[1] BIG IRON v3.0 ONLINE. Watching /home/aimeat/github/anvilos_beat/runtime/cortex.db
[2] JOB_START: zfs-tools-retry-1769021220 (80)
[5] SYS_EXEC: #!/bin/bash

set -eux

# Define variables
export ARCH="x86_64"
export CROSS_COMPILE="x86_64-linux-musl-"
export MUSL_PATH="ext/toolchain/musl-${ARCH}"
export DESTDIR="ext/build/rootfs"
export PREFIX="/"
export JOBS="$(nproc)"

# Source the toolchain environment
# shellcheck source=/dev/null
source "ext/toolchain/toolchain.sh"

# Create destination directory
mkdir -p "${DESTDIR}/bin"

# Configure and build OpenZFS userspace tools
./configure \
    --prefix="${PREFIX}" \
    --exec-prefix="${PREFIX}" \
    --bindir="${PREFIX}/bin" \
    --sbindir="${PREFIX}/sbin" \
    --libdir="${PREFIX}/lib" \
    --sysconfdir="${PREFIX}/etc" \
    --with-config-dir="${PREFIX}/etc/zfs" \
    --with-module-dir="${PREFIX}/lib/modules" \
    --with-udev-dir="${PREFIX}/lib/udev" \
    --with-systemd-dir="${PREFIX}/lib/systemd" \
    --with-init-dir="${PREFIX}/etc/init.d" \
    --with-mount-dir="${PREFIX}/sbin" \
    --with-cross-compile="yes" \
    --with-linux="/usr/src/linux" \
    --with-spl="../spl" \
    --host="${CROSS_COMPILE::-1}" \
    --disable-dependency-tracking \
    --disable-silent-rules

make -j "${JOBS}"
make install DESTDIR="${DESTDIR}"

# Verify that zfs is in the output directory
if [ ! -f "${DESTDIR}/bin/zfs" ]; then
  echo "Error: zfs binary not found in ${DESTDIR}/bin"
  exit 1
fi

echo "OpenZFS userspace tools cross-compiled successfully to ${DESTDIR}"

[3] SYS_FAILURE: + export ARCH=x86_64
+ ARCH=x86_64
+ export CROSS_COMPILE=x86_64-linux-musl-
+ CROSS_COMPILE=x86_64-linux-musl-
+ export MUSL_PATH=ext/toolchain/musl-x86_64
+ MUSL_PATH=ext/toolchain/musl-x86_64
+ export DESTDIR=ext/build/rootfs
+ DESTDIR=ext/build/rootfs
+ export PREFIX=/
+ PREFIX=/
++ nproc
+ export JOBS=12
+ JOBS=12
+ source ext/toolchain/toolchain.sh
++++ dirname ext/toolchain/toolchain.sh
+++ cd ext/toolchain
+++ pwd
++ SCRIPT_DIR=/home/aimeat/github/anvilos_beat/ext/toolchain
++ TOOLCHAIN_BIN=/home/aimeat/github/anvilos_beat/ext/toolchain/bin
++ export PATH=/home/aimeat/github/anvilos_beat/ext/toolchain/bin:/usr/local/sbin:/usr/local/bin:/usr/sbin:/usr/bin:/sbin:/bin:/usr/games:/usr/local/games:/snap/bin:/snap/bin
++ PATH=/home/aimeat/github/anvilos_beat/ext/toolchain/bin:/usr/local/sbin:/usr/local/bin:/usr/sbin:/usr/bin:/sbin:/bin:/usr/games:/usr/local/games:/snap/bin:/snap/bin
++ export CROSS_COMPILE=x86_64-unknown-linux-musl-
++ CROSS_COMPILE=x86_64-unknown-linux-musl-
++ export ARCH=x86_64
++ ARCH=x86_64
++ export CC=x86_64-unknown-linux-musl-gcc
++ CC=x86_64-unknown-linux-musl-gcc
++ export CXX=x86_64-unknown-linux-musl-g++
++ CXX=x86_64-unknown-linux-musl-g++
++ export AR=x86_64-unknown-linux-musl-ar
++ AR=x86_64-unknown-linux-musl-ar
++ export NM=x86_64-unknown-linux-musl-nm
++ NM=x86_64-unknown-linux-musl-nm
++ export LD=x86_64-unknown-linux-musl-ld
++ LD=x86_64-unknown-linux-musl-ld
++ export STRIP=x86_64-unknown-linux-musl-strip
++ STRIP=x86_64-unknown-linux-musl-strip
++ export RANLIB=x86_64-unknown-linux-musl-ranlib
++ RANLIB=x86_64-unknown-linux-musl-ranlib
++ echo 'Anvil Toolchain Activated: x86_64-unknown-linux-musl-'
+ mkdir -p ext/build/rootfs/bin
+ ./configure --prefix=/ --exec-prefix=/ --bindir=//bin --sbindir=//sbin --libdir=//lib --sysconfdir=//etc --with-config-dir=//etc/zfs --with-module-dir=//lib/modules --with-udev-dir=//lib/udev --with-systemd-dir=//lib/systemd --with-init-dir=//etc/init.d --with-mount-dir=//sbin --with-cross-compile=yes --with-linux=/usr/src/linux --with-spl=../spl --host=x86_64-unknown-linux-musl --disable-dependency-tracking --disable-silent-rules
/bin/bash: line 22: ./configure: No such file or directory
[3] JOB_FAILED: zfs-tools-retry-1769021220
[2] JOB_START: zfs-manual-1769023122 (90)
[5] SYS_EXEC: ./ext/build_zfs_manual.sh
[3] SYS_FAILURE: configure: WARNING: unrecognized options: --with-udev-dir, --with-mounthelper-dir
configure: WARNING: using cross tools not prefixed with host triplet
configure: WARNING: cannot find z via pkg-config or in the standard locations
configure: error: in `/home/aimeat/github/anvilos_beat/oss_sovereignty/sys_12_ZFS/source':
configure: error: *** zlib-devel package required
See `config.log' for more details
[3] JOB_FAILED: zfs-manual-1769023122
[2] JOB_START: zlib-build-1769023158 (95)
[5] SYS_EXEC: ./ext/build_zlib.sh
[2] SYS_SUCCESS: Anvil Toolchain Activated: x86_64-unknown-linux-musl-
Downloading zlib 1.3.1...
Building zlib...
Building static library libz.a version 1.3.1 with x86_64-unknown-linux-musl-gcc.
Checking for size_t... Yes.
Checking for off64_t... Yes.
Checking for fseeko... Yes.
Checking for strerror... Yes.
Checking for unistd.h... Yes.
Checking for stdarg.h... Yes.
Checking whether to use vs[n]printf() or s[n]printf()... using vs[n]printf().
Checking for vsnprintf() in stdio.h... Yes.
Checking for return value of vsnprintf()... Yes.
Checking for attribute(visibility) support... Yes.
x86_64-unknown-linux-musl-gcc -O3 -D_LARGEFILE64_SOURCE=1 -DHAVE_HIDDEN -I. -c -o example.o test/example.c
x86_64-unknown-linux-musl-gcc -O3 -D_LARGEFILE64_SOURCE=1 -DHAVE_HIDDEN  -c -o adler32.o adler32.c
x86_64-unknown-linux-musl-gcc -O3 -D_LARGEFILE64_SOURCE=1 -DHAVE_HIDDEN  -c -o crc32.o crc32.c
x86_64-unknown-linux-musl-gcc -O3 -D_LARGEFILE64_SOURCE=1 -DHAVE_HIDDEN  -c -o deflate.o deflate.c
x86_64-unknown-linux-musl-gcc -O3 -D_LARGEFILE64_SOURCE=1 -DHAVE_HIDDEN  -c -o infback.o infback.c
x86_64-unknown-linux-musl-gcc -O3 -D_LARGEFILE64_SOURCE=1 -DHAVE_HIDDEN  -c -o inffast.o inffast.c
x86_64-unknown-linux-musl-gcc -O3 -D_LARGEFILE64_SOURCE=1 -DHAVE_HIDDEN  -c -o inflate.o inflate.c
x86_64-unknown-linux-musl-gcc -O3 -D_LARGEFILE64_SOURCE=1 -DHAVE_HIDDEN  -c -o inftrees.o inftrees.c
x86_64-unknown-linux-musl-gcc -O3 -D_LARGEFILE64_SOURCE=1 -DHAVE_HIDDEN  -c -o trees.o trees.c
x86_64-unknown-linux-musl-gcc -O3 -D_LARGEFILE64_SOURCE=1 -DHAVE_HIDDEN  -c -o zutil.o zutil.c
x86_64-unknown-linux-musl-gcc -O3 -D_LARGEFILE64_SOURCE=1 -DHAVE_HIDDEN  -c -o compress.o compress.c
x86_64-unknown-linux-musl-gcc -O3 -D_LARGEFILE64_SOURCE=1 -DHAVE_HIDDEN  -c -o uncompr.o uncompr.c
x86_64-unknown-linux-musl-gcc -O3 -D_LARGEFILE64_SOURCE=1 -DHAVE_HIDDEN  -c -o gzclose.o gzclose.c
x86_64-unknown-linux-musl-gcc -O3 -D_LARGEFILE64_SOURCE=1 -DHAVE_HIDDEN  -c -o gzlib.o gzlib.c
x86_64-unknown-linux-musl-gcc -O3 -D_LARGEFILE64_SOURCE=1 -DHAVE_HIDDEN  -c -o gzread.o gzread.c
x86_64-unknown-linux-musl-gcc -O3 -D_LARGEFILE64_SOURCE=1 -DHAVE_HIDDEN  -c -o gzwrite.o gzwrite.c
x86_64-unknown-linux-musl-gcc -O3 -D_LARGEFILE64_SOURCE=1 -DHAVE_HIDDEN -I. -c -o minigzip.o test/minigzip.c
x86_64-unknown-linux-musl-gcc -O3 -D_LARGEFILE64_SOURCE=1 -DHAVE_HIDDEN -I. -D_FILE_OFFSET_BITS=64 -c -o example64.o test/example.c
x86_64-unknown-linux-musl-gcc -O3 -D_LARGEFILE64_SOURCE=1 -DHAVE_HIDDEN -I. -D_FILE_OFFSET_BITS=64 -c -o minigzip64.o test/minigzip.c
x86_64-unknown-linux-musl-ar rc libz.a adler32.o crc32.o deflate.o infback.o inffast.o inflate.o inftrees.o trees.o zutil.o compress.o uncompr.o gzclose.o gzlib.o gzread.o gzwrite.o 
x86_64-unknown-linux-musl-gcc -O3 -D_LARGEFILE64_SOURCE=1 -DHAVE_HIDDEN  -o example example.o -L. libz.a
x86_64-unknown-linux-musl-gcc -O3 -D_LARGEFILE64_SOURCE=1 -DHAVE_HIDDEN  -o minigzip minigzip.o -L. libz.a
x86_64-unknown-linux-musl-gcc -O3 -D_LARGEFILE64_SOURCE=1 -DHAVE_HIDDEN  -o example64 example64.o -L. libz.a
x86_64-unknown-linux-musl-gcc -O3 -D_LARGEFILE64_SOURCE=1 -DHAVE_HIDDEN  -o minigzip64 minigzip64.o -L. libz.a
rm -f /home/aimeat/github/anvilos_beat/ext/toolchain/x86_64-unknown-linux-musl/sysroot/usr/lib/libz.a
cp libz.a /home/aimeat/github/anvilos_beat/ext/toolchain/x86_64-unknown-linux-musl/sysroot/usr/lib
chmod 644 /home/aimeat/github/anvilos_beat/ext/toolchain/x86_64-unknown-linux-musl/sysroot/usr/lib/libz.a
rm -f /home/aimeat/github/anvilos_beat/ext/toolchain/x86_64-unknown-linux-musl/sysroot/usr/share/man/man3/zlib.3
cp zlib.3 /home/aimeat/github/anvilos_beat/ext/toolchain/x86_64-unknown-linux-musl/sysroot/usr/share/man/man3
chmod 644 /home/aimeat/github/anvilos_beat/ext/toolchain/x86_64-unknown-linux-musl/sysroot/usr/share/man/man3/zlib.3
rm -f /home/aimeat/github/anvilos_beat/ext/toolchain/x86_64-unknown-linux-musl/sysroot/usr/lib/pkgconfig/zlib.pc
cp zlib.pc /home/aimeat/github/anvilos_beat/ext/toolchain/x86_64-unknown-linux-musl/sysroot/usr/lib/pkgconfig
chmod 644 /home/aimeat/github/anvilos_beat/ext/toolchain/x86_64-unknown-linux-musl/sysroot/usr/lib/pkgconfig/zlib.pc
rm -f /home/aimeat/github/anvilos_beat/ext/toolchain/x86_64-unknown-linux-musl/sysroot/usr/include/zlib.h /home/aimeat/github/anvilos_beat/ext/toolchain/x86_64-unknown-linux-musl/sysroot/usr/include/zconf.h
cp zlib.h zconf.h /home/aimeat/github/anvilos_beat/ext/toolchain/x86_64-unknown-linux-musl/sysroot/usr/include
chmod 644 /home/aimeat/github/anvilos_beat/ext/toolchain/x86_64-unknown-linux-musl/sysroot/usr/include/zlib.h /home/aimeat/github/anvilos_beat/ext/toolchain/x86_64-unknown-linux-musl/sysroot/usr/include/zconf.h
zlib installed to /home/aimeat/github/anvilos_beat/ext/toolchain/x86_64-unknown-linux-musl/sysroot
[2] JOB_COMPLETE: zlib-build-1769023158
[2] JOB_START: util-linux-build-1769023219 (96)
[5] SYS_EXEC: ./ext/build_util_linux.sh
[2] SYS_SUCCESS: Anvil Toolchain Activated: x86_64-unknown-linux-musl-
Downloading util-linux 2.39.3...
Building util-linux (libs only)...
checking for x86_64-unknown-linux-musl-gcc... x86_64-unknown-linux-musl-gcc
checking whether the C compiler works... yes
checking for C compiler default output file name... a.out
checking for suffix of executables... 
checking whether we are cross compiling... yes
checking for suffix of object files... o
checking whether the compiler supports GNU C... yes
checking whether x86_64-unknown-linux-musl-gcc accepts -g... yes
checking for x86_64-unknown-linux-musl-gcc option to enable C11 features... none needed
checking whether x86_64-unknown-linux-musl-gcc understands -c and -o together... yes
checking for stdio.h... yes
checking for stdlib.h... yes
checking for string.h... yes
checking for inttypes.h... yes
checking for stdint.h... yes
checking for strings.h... yes
checking for sys/stat.h... yes
checking for sys/types.h... yes
checking for unistd.h... yes
checking for wchar.h... yes
checking for minix/config.h... no
checking whether it is safe to define __EXTENSIONS__... yes
checking whether _XOPEN_SOURCE should be defined... no
checking for a BSD-compatible install... /usr/bin/install -c
checking whether build environment is sane... yes
checking for x86_64-unknown-linux-musl-strip... x86_64-unknown-linux-musl-strip
checking for a race-free mkdir -p... /usr/bin/mkdir -p
checking for gawk... gawk
checking whether make sets $(MAKE)... yes
checking whether make supports the include directive... yes (GNU style)
checking whether make supports nested variables... yes
checking how to create a pax tar archive... gnutar
checking dependency style of x86_64-unknown-linux-musl-gcc... gcc3
checking whether make supports nested variables... (cached) yes
checking for x86_64-unknown-linux-musl-ar... x86_64-unknown-linux-musl-ar
checking the archiver (x86_64-unknown-linux-musl-ar) interface... ar
configure: Default --exec-prefix detected.
configure:   --bindir defaults to /bin
configure:   --sbindir defaults to /sbin
configure:   --libdir defaults to /lib
configure: Default --prefix detected.
configure:   --localstatedir defaults to /var
configure:   --sysconfdir defaults to /etc
configure:   --runstatedir defaults to /run
checking for x86_64-unknown-linux-musl-gcc... (cached) x86_64-unknown-linux-musl-gcc
checking whether the compiler supports GNU C... (cached) yes
checking whether x86_64-unknown-linux-musl-gcc accepts -g... (cached) yes
checking for x86_64-unknown-linux-musl-gcc option to enable C11 features... (cached) none needed
checking whether x86_64-unknown-linux-musl-gcc understands -c and -o together... (cached) yes
checking for bison... bison -y
checking build system type... x86_64-pc-linux-gnu
checking host system type... x86_64-unknown-linux-musl
checking for an ANSI C-conforming const... yes
checking for working volatile... yes
checking how to run the C preprocessor... x86_64-unknown-linux-musl-gcc -E
checking whether compiler handles -fno-common... yes
checking whether compiler handles -Wall... yes
checking whether compiler handles -Wextra... yes
checking whether compiler handles -Waddress-of-packed-member... yes
checking whether compiler handles -Wdiscarded-qualifiers... yes
checking whether compiler handles -Wembedded-directive... no
checking whether compiler handles -Wextra-semi... no
checking whether compiler handles -Wformat-security... no
checking whether compiler handles -Wimplicit-function-declaration... yes
checking whether compiler handles -Wmissing-declarations... yes
checking whether compiler handles -Wmissing-parameter-type... yes
checking whether compiler handles -Wmissing-prototypes... yes
checking whether compiler handles -Wnested-externs... yes
checking whether compiler handles -Wno-missing-field-initializers... yes
checking whether compiler handles -Wold-style-definition... yes
checking whether compiler handles -Wpointer-arith... yes
checking whether compiler handles -Wredundant-decls... yes
checking whether compiler handles -Wsign-compare... yes
checking whether compiler handles -Wstrict-prototypes... yes
checking whether compiler handles -Wtype-limits... yes
checking whether compiler handles -Wuninitialized... yes
checking whether compiler handles -Wunused-but-set-parameter... yes
checking whether compiler handles -Wunused-but-set-variable... yes
checking whether compiler handles -Wunused-parameter... yes
checking whether compiler handles -Wunused-result... yes
checking whether compiler handles -Wunused-variable... yes
checking whether compiler handles -Werror=sequence-point... yes
checking whether compiler handles -Wno-clobbered... yes
checking whether compiler handles -Wno-cast-function-type... yes
checking whether compiler handles -Wno-unused-parameter... yes
checking whether the compiler supports GNU C++... yes
checking whether x86_64-unknown-linux-musl-g++ accepts -g... yes
checking for x86_64-unknown-linux-musl-g++ option to enable C++11 features... none needed
checking dependency style of x86_64-unknown-linux-musl-g++... gcc3
checking how to print strings... printf
checking for a sed that does not truncate output... /usr/bin/sed
checking for grep that handles long lines and -e... /usr/bin/grep
checking for egrep... /usr/bin/grep -E
checking for fgrep... /usr/bin/grep -F
checking for ld used by x86_64-unknown-linux-musl-gcc... x86_64-unknown-linux-musl-ld
checking if the linker (x86_64-unknown-linux-musl-ld) is GNU ld... yes
checking for BSD- or MS-compatible name lister (nm)... x86_64-unknown-linux-musl-nm
checking the name lister (x86_64-unknown-linux-musl-nm) interface... BSD nm
checking whether ln -s works... yes
checking the maximum length of command line arguments... 1572864
checking how to convert x86_64-pc-linux-gnu file names to x86_64-unknown-linux-musl format... func_convert_file_noop
checking how to convert x86_64-pc-linux-gnu file names to toolchain format... func_convert_file_noop
checking for x86_64-unknown-linux-musl-ld option to reload object files... -r
checking for x86_64-unknown-linux-musl-file... no
checking for file... file
checking for x86_64-unknown-linux-musl-objdump... x86_64-unknown-linux-musl-objdump
checking how to recognize dependent libraries... pass_all
checking for x86_64-unknown-linux-musl-dlltool... no
checking for dlltool... no
checking how to associate runtime and link libraries... printf %s\n
checking for x86_64-unknown-linux-musl-ar... (cached) x86_64-unknown-linux-musl-ar
checking for archiver @FILE support... @
checking for x86_64-unknown-linux-musl-strip... (cached) x86_64-unknown-linux-musl-strip
checking for x86_64-unknown-linux-musl-ranlib... x86_64-unknown-linux-musl-ranlib
checking command to parse x86_64-unknown-linux-musl-nm output from x86_64-unknown-linux-musl-gcc object... ok
checking for sysroot... no
checking for a working dd... /usr/bin/dd
checking how to truncate binary pipes... /usr/bin/dd bs=4096 count=1
checking for x86_64-unknown-linux-musl-mt... no
checking for mt... mt
checking if mt is a manifest tool... no
checking for dlfcn.h... yes
checking for objdir... .libs
checking if x86_64-unknown-linux-musl-gcc supports -fno-rtti -fno-exceptions... no
checking for x86_64-unknown-linux-musl-gcc option to produce PIC... -fPIC -DPIC
checking if x86_64-unknown-linux-musl-gcc PIC flag -fPIC -DPIC works... yes
checking if x86_64-unknown-linux-musl-gcc static flag -static works... yes
checking if x86_64-unknown-linux-musl-gcc supports -c -o file.o... yes
checking if x86_64-unknown-linux-musl-gcc supports -c -o file.o... (cached) yes
checking whether the x86_64-unknown-linux-musl-gcc linker (x86_64-unknown-linux-musl-ld -m elf_x86_64) supports shared libraries... yes
checking whether -lc should be explicitly linked in... no
checking dynamic linker characteristics... GNU/Linux ld.so
checking how to hardcode library paths into programs... immediate
checking whether stripping libraries is possible... yes
checking if libtool supports shared libraries... yes
checking whether to build shared libraries... yes
checking whether to build static libraries... yes
checking how to run the C++ preprocessor... x86_64-unknown-linux-musl-g++ -E
checking for ld used by x86_64-unknown-linux-musl-g++... x86_64-unknown-linux-musl-ld -m elf_x86_64
checking if the linker (x86_64-unknown-linux-musl-ld -m elf_x86_64) is GNU ld... yes
checking whether the x86_64-unknown-linux-musl-g++ linker (x86_64-unknown-linux-musl-ld -m elf_x86_64) supports shared libraries... yes
checking for x86_64-unknown-linux-musl-g++ option to produce PIC... -fPIC -DPIC
checking if x86_64-unknown-linux-musl-g++ PIC flag -fPIC -DPIC works... yes
checking if x86_64-unknown-linux-musl-g++ static flag -static works... yes
checking if x86_64-unknown-linux-musl-g++ supports -c -o file.o... yes
checking if x86_64-unknown-linux-musl-g++ supports -c -o file.o... (cached) yes
checking whether the x86_64-unknown-linux-musl-g++ linker (x86_64-unknown-linux-musl-ld -m elf_x86_64) supports shared libraries... yes
checking dynamic linker characteristics... (cached) GNU/Linux ld.so
checking how to hardcode library paths into programs... immediate
checking linker version script flag... --version-script
checking if version scripts can use complex wildcards... yes
checking for x86_64-unknown-linux-musl-pkg-config... no
checking for pkg-config... no
checking whether to build gtk-doc documentation... no
checking for gtkdoc-check... no
checking for xsltproc... no
checking for special C compiler options needed for large files... no
checking for _FILE_OFFSET_BITS value needed for large files... no
checking whether to enable assertions... yes
checking whether struct tm is in sys/time.h or time.h... time.h
checking for x86_64-unknown-linux-musl-gcc options needed to detect all undeclared functions... none needed
checking for struct tm.tm_zone... yes
checking whether NLS is requested... yes
checking for msgfmt... no
checking for gmsgfmt... :
checking for xgettext... no
checking for msgmerge... no
checking for ld used by x86_64-unknown-linux-musl-gcc... x86_64-unknown-linux-musl-ld -m elf_x86_64
checking if the linker (x86_64-unknown-linux-musl-ld -m elf_x86_64) is GNU ld... yes
checking for shared library run path origin... done
checking for CFPreferencesCopyAppValue... no
checking for CFLocaleCopyCurrent... no
checking for GNU gettext in libc... no
checking for iconv... yes
checking for working iconv... guessing yes
checking for GNU gettext in libintl... no
checking whether to use NLS... no
checking for linux/compiler.h... no
checking for linux/blkpg.h... yes
checking for linux/major.h... yes
checking for asm-generic/fcntl.h... yes
checking for asm/fcntl.h... yes
checking for asm/io.h... no
checking for byteswap.h... yes
checking for endian.h... yes
checking for err.h... yes
checking for errno.h... yes
checking for fcntl.h... yes
checking for getopt.h... yes
checking for inttypes.h... (cached) yes
checking for lastlog.h... yes
checking for libutil.h... no
checking for linux/blkzoned.h... yes
checking for linux/btrfs.h... yes
checking for linux/capability.h... yes
checking for linux/cdrom.h... yes
checking for linux/falloc.h... yes
checking for linux/fd.h... yes
checking for linux/fiemap.h... yes
checking for linux/kcmp.h... yes
checking for linux/net_namespace.h... yes
checking for linux/nsfs.h... yes
checking for linux/pr.h... yes
checking for linux/raw.h... yes
checking for linux/securebits.h... yes
checking for linux/tiocl.h... yes
checking for linux/version.h... yes
checking for linux/watchdog.h... yes
checking for linux/if_alg.h... yes
checking for locale.h... yes
checking for mntent.h... yes
checking for net/if_dl.h... no
checking for net/if.h... yes
checking for netinet/in.h... yes
checking for paths.h... yes
checking for pty.h... yes
checking for security/pam_appl.h... no
checking for shadow.h... yes
checking for stdint.h... (cached) yes
checking for stdio_ext.h... yes
checking for stdlib.h... (cached) yes
checking for sys/disk.h... no
checking for sys/disklabel.h... no
checking for sys/endian.h... no
checking for sys/file.h... yes
checking for sys/ioccom.h... no
checking for sys/ioctl.h... yes
checking for sys/io.h... yes
checking for sys/mkdev.h... no
checking for sys/mount.h... yes
checking for sys/param.h... yes
checking for sys/pidfd.h... no
checking for sys/prctl.h... yes
checking for sys/resource.h... yes
checking for sys/sendfile.h... yes
checking for sys/signalfd.h... yes
checking for sys/socket.h... yes
checking for sys/sockio.h... no
checking for sys/stat.h... (cached) yes
checking for sys/statfs.h... yes
checking for sys/swap.h... yes
checking for sys/syscall.h... yes
checking for sys/sysmacros.h... yes
checking for sys/time.h... yes
checking for sys/timex.h... yes
checking for sys/ttydefaults.h... yes
checking for sys/types.h... (cached) yes
checking for sys/ucred.h... no
checking for sys/un.h... yes
checking for sys/vfs.h... yes
checking for sys/xattr.h... yes
checking for unistd.h... (cached) yes
checking for utmp.h... yes
checking for utmpx.h... yes
checking for linux/fs.h... yes
checking for linux/mount.h... yes
checking for linux/gsmmux.h... yes
checking for security/pam_misc.h... no
checking whether BLK_ZONE_REP_CAPACITY is declared... no
checking whether PR_REP_CAPACITY is declared... no
checking for security/openpam.h... no
checking for langinfo.h... yes
checking whether langinfo.h defines ALTMON_x constants... no
checking whether langinfo.h defines _NL_ABALTMON_x constants... no
checking for struct mount_attr... no
checking for enum fsconfig_command... yes
checking for struct termios.c_line... yes
checking for struct stat.st_mtim.tv_nsec... yes
checking for struct statx... yes
checking for struct statx.stx_mnt_id... no
checking whether _NL_TIME_WEEK_1STDAY is declared... no
checking whether environ is declared... yes
checking whether strsignal is declared... yes
checking whether TIOCGLCKTRMIOS is declared... yes
checking whether SOCK_CLOEXEC is declared... yes
checking whether SOCK_NONBLOCK is declared... yes
checking whether SO_PASSCRED is declared... yes
checking for clearenv... yes
checking for close_range... no
checking for eaccess... yes
checking for err... yes
checking for errx... yes
checking for explicit_bzero... yes
checking for __fpending... yes
checking for __fpurge... yes
checking for fpurge... yes
checking for fnmatch... yes
checking for fsconfig... no
checking for fsmount... no
checking for fsopen... no
checking for fspick... no
checking for fsync... yes
checking for getdomainname... yes
checking for getdtablesize... yes
checking for getexecname... no
checking for getmntinfo... no
checking for getrandom... yes
checking for getrlimit... yes
checking for getsgnam... no
checking for getttynam... no
checking for inotify_init... yes
checking for jrand48... yes
checking for lchown... yes
checking for lgetxattr... yes
checking for llistxattr... yes
checking for llseek... no
checking for newlocale... yes
checking for mempcpy... yes
checking for mkostemp... yes
checking for move_mount... no
checking for mount_setattr... no
checking for nanosleep... yes
checking for ntp_gettime... no
checking for open_tree... no
checking for personality... yes
checking for pidfd_open... no
checking for pidfd_send_signal... no
checking for posix_fadvise... yes
checking for prctl... yes
checking for qsort_r... yes
checking for rpmatch... no
checking for scandirat... no
checking for sched_setattr... no
checking for sched_setscheduler... yes
checking for __secure_getenv... no
checking for secure_getenv... yes
checking for sendfile... yes
checking for setprogname... no
checking for setresgid... yes
checking for setresuid... yes
checking for sigqueue... yes
checking for srandom... yes
checking for statx... yes
checking for strnchr... no
checking for strndup... yes
checking for strnlen... yes
checking for strtod_l... yes
checking for sysconf... yes
checking for sysinfo... yes
checking for timegm... yes
checking for usleep... yes
checking for uselocale... yes
checking for utimensat... yes
checking for vwarnx... yes
checking for warn... yes
checking for warnx... yes
checking for _LARGEFILE_SOURCE value needed for large files... no
checking for futimens... yes
checking for getusershell... yes
checking for inotify_init1... yes
checking for ioperm... yes
checking for iopl... yes
checking for openat... yes
checking for fstatat... yes
checking for unlinkat... yes
checking for open_memstream... yes
checking for reboot... yes
checking for updwtmpx... yes
checking for updwtmpx... (cached) yes
checking for syscall setns... SYS_setns
checking for syscall pidfd_open... SYS_pidfd_open
checking for syscall pidfd_send_signal... SYS_pidfd_send_signal
checking for syscall close_range... SYS_close_range
checking for syscall fsconfig... SYS_fsconfig
checking for syscall fsmount... SYS_fsmount
checking for syscall fsopen... SYS_fsopen
checking for syscall fspick... SYS_fspick
checking for syscall mount_setattr... SYS_mount_setattr
checking for syscall move_mount... SYS_move_mount
checking for syscall open_tree... SYS_open_tree
checking for isnan... no
checking for isnan in -lm... no
checking for __isnan in -lm... no
checking for clock_gettime... yes
checking for timer_create... yes
checking for rtas_get_sysparm in -lrtas... no
checking for struct sockaddr.sa_len... no
checking for library containing socket... none required
checking for dirfd... yes
checking whether program_invocation_short_name is defined... yes
checking whether __progname is defined... yes
checking whether IOC_OPAL_GET_STATUS is declared... no
configure: re-use already generated man-pages.
checking whether the target supports thread-local storage... yes
checking for openpty in -lutil... yes
checking for union semun... no
checking for loff_t... no
checking wchar_t support... yes
checking for cpu_set_t... yes
checking for sighandler_t... yes
checking whether CPU_ALLOC is declared... yes
checking for crypt.h... yes
checking for udev_new in -ludev... no
checking for x86_64-unknown-linux-musl-ncursesw6-config... no
checking for ncursesw6-config... ncursesw6-config
checking for ncursesw/ncurses.h... no
checking for ncursesw/term.h... no
checking for ncurses.h... no
checking for term.h... no
checking for x86_64-unknown-linux-musl-ncurses6-config... no
checking for ncurses6-config... ncurses6-config
checking for ncurses/ncurses.h... no
checking for ncurses/term.h... no
checking for ncurses.h... (cached) no
checking for term.h... (cached) no
checking for tinfo... no
checking for tgetent in -ltinfo... no
checking for readline in -lreadline... no
checking for valid unshare() function... yes
checking for valid setns() function... yes
checking for capng_apply in -lcap-ng... no
checking for crc32 in -lz... yes
checking for magic_open in -lmagic... no
checking for swapon... yes
checking for swapoff... yes
checking for libuser >= 0.58... no
checking for libsystemd... no
checking for libsystemd-daemon... no
checking for libsystemd-journal... no
checking for libeconf... no
checking for a Python interpreter with version >= 2... python3
checking for python3... /usr/bin/python3
checking for python3 version... 3.12
checking for python3 platform... linux
checking for GNU default python3 prefix... ${prefix}
checking for GNU default python3 exec_prefix... ${exec_prefix}
checking for python3 script directory (pythondir)... ${PYTHON_PREFIX}/local/lib/python3.12/dist-packages
checking for python3 extension module directory (pyexecdir)... ${PYTHON_EXEC_PREFIX}/local/lib/python3.12/dist-packages
checking for python-3.12... no
checking whether compiler handles -Wno-error=redundant-decls... yes
configure: setting link_all_deplibs=unknown for libtool
checking that generated files are newer than configure... done
configure: creating ./config.status
config.status: creating Makefile
config.status: creating libblkid/docs/Makefile
config.status: creating libblkid/docs/version.xml
config.status: creating libblkid/src/blkid.h
config.status: creating libfdisk/docs/Makefile
config.status: creating libfdisk/docs/version.xml
config.status: creating libfdisk/src/libfdisk.h
config.status: creating libmount/docs/Makefile
config.status: creating libmount/docs/version.xml
config.status: creating libmount/src/libmount.h
config.status: creating libsmartcols/docs/Makefile
config.status: creating libsmartcols/docs/version.xml
config.status: creating libsmartcols/src/libsmartcols.h
config.status: creating po/Makefile.in
config.status: creating po-man/Makefile
config.status: creating config.h
config.status: executing depfiles commands
config.status: executing libtool commands
config.status: executing po-directories commands
config.status: creating po/POTFILES
config.status: setting ALL_LINGUAS in configure.in is obsolete
config.status: creating po/Makefile

        util-linux  2.39.3

        prefix:                    /usr
        exec prefix:               ${prefix}

        bindir:                    /bin
        sbindir:                   /sbin
        libdir:                    /lib
        usrbin_execdir:            ${exec_prefix}/bin
        usrsbin_execdir:           ${exec_prefix}/sbin
        usrlib_execdir:            ${exec_prefix}/lib

        localstatedir:             /var
        runstatedir:               /run
        includedir:                ${prefix}/include
        sysconfdir:                /etc
        sysconfstaticdir:          ${prefix}/lib

        vendordir:                 

        Python:                    /usr/bin/python3
        Python version:            3.12
        Python libs:               ${PYTHON_EXEC_PREFIX}/local/lib/python3.12/dist-packages

        Bash completions:          
        Systemd support:           no
        Systemd unitdir:           
        libeconf support:          no
        Btrfs support:             yes
        Wide-char support:         yes
        libcryptsetup support:     

        Manual pages:              no
        Manual pages translated:   no

        compiler:                  x86_64-unknown-linux-musl-gcc / x86_64-unknown-linux-musl-g++
        suid cflags:               
        ldflags:                   
        suid ldflags:              
        ASAN enabled:              no
	Fuzzing enabled:           no

        cflags:                    -g -O2

        warnings:

 -fno-common -Wall -Wextra -Waddress-of-packed-member -Wdiscarded-qualifiers -Wimplicit-function-declaration -Wmissing-declarations -Wmissing-parameter-type -Wmissing-prototypes -Wnested-externs -Wno-missing-field-initializers -Wold-style-definition -Wpointer-arith -Wredundant-decls -Wsign-compare -Wstrict-prototypes -Wtype-limits -Wuninitialized -Wunused-but-set-parameter -Wunused-but-set-variable -Wunused-parameter -Wunused-result -Wunused-variable -Werror=sequence-point

 Type 'make' or 'make <utilname>' to compile.

make  all-recursive
make[1]: Entering directory '/home/aimeat/github/anvilos_beat/ext/build/util-linux-2.39.3'
Making all in po
make[2]: Entering directory '/home/aimeat/github/anvilos_beat/ext/build/util-linux-2.39.3/po'
make[2]: Nothing to be done for 'all'.
make[2]: Leaving directory '/home/aimeat/github/anvilos_beat/ext/build/util-linux-2.39.3/po'
make[2]: Entering directory '/home/aimeat/github/anvilos_beat/ext/build/util-linux-2.39.3'
  CC       lib/libcommon_la-blkdev.lo
  CC       lib/libcommon_la-buffer.lo
  CC       lib/libcommon_la-canonicalize.lo
  CC       lib/libcommon_la-color-names.lo
  CC       lib/libcommon_la-crc32.lo
  CC       lib/libcommon_la-crc32c.lo
  CC       lib/libcommon_la-crc64.lo
  CC       lib/libcommon_la-c_strtod.lo
  CC       lib/libcommon_la-encode.lo
  CC       lib/libcommon_la-env.lo
  CC       lib/libcommon_la-fileutils.lo
  CC       lib/libcommon_la-idcache.lo
  CC       lib/libcommon_la-jsonwrt.lo
  CC       lib/libcommon_la-mangle.lo
  CC       lib/libcommon_la-match.lo
  CC       lib/libcommon_la-mbsalign.lo
  CC       lib/libcommon_la-md5.lo
  CC       lib/libcommon_la-mbsedit.lo
  CC       lib/libcommon_la-pwdutils.lo
  CC       lib/libcommon_la-randutils.lo
  CC       lib/libcommon_la-sha1.lo
  CC       lib/libcommon_la-sha256.lo
  CC       lib/libcommon_la-signames.lo
  CC       lib/libcommon_la-strutils.lo
  CC       lib/libcommon_la-strv.lo
  CC       lib/libcommon_la-timeutils.lo
  CC       lib/libcommon_la-ttyutils.lo
  CC       lib/libcommon_la-xxhash.lo
  CC       lib/libcommon_la-linux_version.lo
  CC       lib/libcommon_la-loopdev.lo
  CC       lib/libcommon_la-cpuset.lo
  CC       lib/libcommon_la-path.lo
  CC       lib/libcommon_la-sysfs.lo
  CC       lib/libcommon_la-procfs.lo
  GEN      libuuid/uuid.pc
  GEN      libblkid/blkid.pc
  CC       libuuid/src/la-clear.lo
  CC       libuuid/src/la-compare.lo
  CC       libuuid/src/la-copy.lo
  CC       libuuid/src/la-gen_uuid.lo
  CC       libuuid/src/la-isnull.lo
  CC       libuuid/src/la-pack.lo
  CC       libuuid/src/la-parse.lo
  CC       libuuid/src/la-unpack.lo
  CC       libuuid/src/la-unparse.lo
  CC       libuuid/src/la-uuid_time.lo
  CC       libuuid/src/la-predefined.lo
  CC       lib/libuuid_la-randutils.lo
  CC       lib/libuuid_la-md5.lo
  CC       lib/libuuid_la-sha1.lo
  CC       libblkid/src/la-init.lo
  CC       libblkid/src/la-cache.lo
  CC       libblkid/src/la-config.lo
  CC       libblkid/src/la-dev.lo
  CC       libblkid/src/la-devname.lo
  CC       libblkid/src/la-devno.lo
  CC       libblkid/src/la-encode.lo
  CC       libblkid/src/la-evaluate.lo
  CC       libblkid/src/la-getsize.lo
  CC       libblkid/src/la-probe.lo
  CC       libblkid/src/la-read.lo
  CC       libblkid/src/la-resolve.lo
  CC       libblkid/src/la-save.lo
  CC       libblkid/src/la-tag.lo
  CC       libblkid/src/la-verify.lo
  CC       libblkid/src/la-version.lo
  CC       libblkid/src/partitions/la-aix.lo
  CC       libblkid/src/partitions/la-atari.lo
  CC       libblkid/src/partitions/la-bsd.lo
  CC       libblkid/src/partitions/la-dos.lo
  CC       libblkid/src/partitions/la-gpt.lo
  CC       libblkid/src/partitions/la-mac.lo
  CC       libblkid/src/partitions/la-minix.lo
  CC       libblkid/src/partitions/la-partitions.lo
  CC       libblkid/src/partitions/la-sgi.lo
  CC       libblkid/src/partitions/la-solaris_x86.lo
  CC       libblkid/src/partitions/la-sun.lo
  CC       libblkid/src/partitions/la-ultrix.lo
  CC       libblkid/src/partitions/la-unixware.lo
  CC       libblkid/src/superblocks/la-adaptec_raid.lo
  CC       libblkid/src/superblocks/la-apfs.lo
  CC       libblkid/src/superblocks/la-bcache.lo
  CC       libblkid/src/superblocks/la-befs.lo
  CC       libblkid/src/superblocks/la-bfs.lo
  CC       libblkid/src/superblocks/la-bitlocker.lo
  CC       libblkid/src/superblocks/la-bluestore.lo
  CC       libblkid/src/superblocks/la-btrfs.lo
  CC       libblkid/src/superblocks/la-cs_fvault2.lo
  CC       libblkid/src/superblocks/la-cramfs.lo
  CC       libblkid/src/superblocks/la-ddf_raid.lo
  CC       libblkid/src/superblocks/la-drbd.lo
  CC       libblkid/src/superblocks/la-drbdproxy_datalog.lo
  CC       libblkid/src/superblocks/la-drbdmanage.lo
  CC       libblkid/src/superblocks/la-exfat.lo
  CC       libblkid/src/superblocks/la-exfs.lo
  CC       libblkid/src/superblocks/la-ext.lo
  CC       libblkid/src/superblocks/la-f2fs.lo
  CC       libblkid/src/superblocks/la-gfs.lo
  CC       libblkid/src/superblocks/la-hfs.lo
  CC       libblkid/src/superblocks/la-highpoint_raid.lo
  CC       libblkid/src/superblocks/la-hpfs.lo
  CC       libblkid/src/superblocks/la-iso9660.lo
  CC       libblkid/src/superblocks/la-isw_raid.lo
  CC       libblkid/src/superblocks/la-jfs.lo
  CC       libblkid/src/superblocks/la-jmicron_raid.lo
  CC       libblkid/src/superblocks/la-linux_raid.lo
  CC       libblkid/src/superblocks/la-lsi_raid.lo
  CC       libblkid/src/superblocks/la-luks.lo
  CC       libblkid/src/superblocks/la-lvm.lo
  CC       libblkid/src/superblocks/la-minix.lo
  CC       libblkid/src/superblocks/la-mpool.lo
  CC       libblkid/src/superblocks/la-netware.lo
  CC       libblkid/src/superblocks/la-nilfs.lo
  CC       libblkid/src/superblocks/la-ntfs.lo
  CC       libblkid/src/superblocks/la-refs.lo
  CC       libblkid/src/superblocks/la-nvidia_raid.lo
  CC       libblkid/src/superblocks/la-ocfs.lo
  CC       libblkid/src/superblocks/la-promise_raid.lo
  CC       libblkid/src/superblocks/la-reiserfs.lo
  CC       libblkid/src/superblocks/la-romfs.lo
  CC       libblkid/src/superblocks/la-silicon_raid.lo
  CC       libblkid/src/superblocks/la-squashfs.lo
  CC       libblkid/src/superblocks/la-stratis.lo
  CC       libblkid/src/superblocks/la-superblocks.lo
  CC       libblkid/src/superblocks/la-swap.lo
  CC       libblkid/src/superblocks/la-sysv.lo
  CC       libblkid/src/superblocks/la-ubi.lo
  CC       libblkid/src/superblocks/la-ubifs.lo
  CC       libblkid/src/superblocks/la-udf.lo
  CC       libblkid/src/superblocks/la-ufs.lo
  CC       libblkid/src/superblocks/la-vdo.lo
  CC       libblkid/src/superblocks/la-vfat.lo
  CC       libblkid/src/superblocks/la-via_raid.lo
  CC       libblkid/src/superblocks/la-vmfs.lo
  CC       libblkid/src/superblocks/la-vxfs.lo
  CC       libblkid/src/superblocks/la-xfs.lo
  CC       libblkid/src/superblocks/la-zfs.lo
  CC       libblkid/src/superblocks/la-zonefs.lo
  CC       libblkid/src/superblocks/la-erofs.lo
  CC       libblkid/src/topology/la-topology.lo
  CC       libblkid/src/topology/la-dm.lo
  CC       libblkid/src/topology/la-evms.lo
  CC       libblkid/src/topology/la-ioctl.lo
  CC       libblkid/src/topology/la-lvm.lo
  CC       libblkid/src/topology/la-md.lo
  CC       libblkid/src/topology/la-sysfs.lo
  CCLD     libcommon.la
  CCLD     libuuid.la
  CCLD     libblkid.la
copying selected object files to avoid basename conflicts...
make[2]: Leaving directory '/home/aimeat/github/anvilos_beat/ext/build/util-linux-2.39.3'
make[1]: Leaving directory '/home/aimeat/github/anvilos_beat/ext/build/util-linux-2.39.3'
make  install-recursive
make[1]: Entering directory '/home/aimeat/github/anvilos_beat/ext/build/util-linux-2.39.3'
Making install in po
make[2]: Entering directory '/home/aimeat/github/anvilos_beat/ext/build/util-linux-2.39.3/po'
if test "util-linux" = "gettext-tools"; then \
  /usr/bin/mkdir -p /home/aimeat/github/anvilos_beat/ext/toolchain/x86_64-unknown-linux-musl/sysroot/usr/share/gettext/po; \
  for file in Makefile.in.in remove-potcdate.sin quot.sed boldquot.sed en@quot.header en@boldquot.header insert-header.sin Rules-quot   Makevars.template; do \
    /usr/bin/install -c -m 644 ./$file \
		    /home/aimeat/github/anvilos_beat/ext/toolchain/x86_64-unknown-linux-musl/sysroot/usr/share/gettext/po/$file; \
  done; \
  for file in Makevars; do \
    rm -f /home/aimeat/github/anvilos_beat/ext/toolchain/x86_64-unknown-linux-musl/sysroot/usr/share/gettext/po/$file; \
  done; \
else \
  : ; \
fi
make[2]: Leaving directory '/home/aimeat/github/anvilos_beat/ext/build/util-linux-2.39.3/po'
make[2]: Entering directory '/home/aimeat/github/anvilos_beat/ext/build/util-linux-2.39.3'
make[3]: Entering directory '/home/aimeat/github/anvilos_beat/ext/build/util-linux-2.39.3'
 /usr/bin/mkdir -p '/home/aimeat/github/anvilos_beat/ext/toolchain/x86_64-unknown-linux-musl/sysroot/bin'
 /usr/bin/mkdir -p '/home/aimeat/github/anvilos_beat/ext/toolchain/x86_64-unknown-linux-musl/sysroot/usr/lib'
 /bin/bash ./libtool   --mode=install /usr/bin/install -c   libuuid.la libblkid.la '/home/aimeat/github/anvilos_beat/ext/toolchain/x86_64-unknown-linux-musl/sysroot/usr/lib'
libtool: install: /usr/bin/install -c .libs/libuuid.so.1.3.0 /home/aimeat/github/anvilos_beat/ext/toolchain/x86_64-unknown-linux-musl/sysroot/usr/lib/libuuid.so.1.3.0
libtool: install: (cd /home/aimeat/github/anvilos_beat/ext/toolchain/x86_64-unknown-linux-musl/sysroot/usr/lib && { ln -s -f libuuid.so.1.3.0 libuuid.so.1 || { rm -f libuuid.so.1 && ln -s libuuid.so.1.3.0 libuuid.so.1; }; })
libtool: install: (cd /home/aimeat/github/anvilos_beat/ext/toolchain/x86_64-unknown-linux-musl/sysroot/usr/lib && { ln -s -f libuuid.so.1.3.0 libuuid.so || { rm -f libuuid.so && ln -s libuuid.so.1.3.0 libuuid.so; }; })
libtool: install: /usr/bin/install -c .libs/libuuid.lai /home/aimeat/github/anvilos_beat/ext/toolchain/x86_64-unknown-linux-musl/sysroot/usr/lib/libuuid.la
libtool: install: /usr/bin/install -c .libs/libblkid.so.1.1.0 /home/aimeat/github/anvilos_beat/ext/toolchain/x86_64-unknown-linux-musl/sysroot/usr/lib/libblkid.so.1.1.0
libtool: install: (cd /home/aimeat/github/anvilos_beat/ext/toolchain/x86_64-unknown-linux-musl/sysroot/usr/lib && { ln -s -f libblkid.so.1.1.0 libblkid.so.1 || { rm -f libblkid.so.1 && ln -s libblkid.so.1.1.0 libblkid.so.1; }; })
libtool: install: (cd /home/aimeat/github/anvilos_beat/ext/toolchain/x86_64-unknown-linux-musl/sysroot/usr/lib && { ln -s -f libblkid.so.1.1.0 libblkid.so || { rm -f libblkid.so && ln -s libblkid.so.1.1.0 libblkid.so; }; })
libtool: install: /usr/bin/install -c .libs/libblkid.lai /home/aimeat/github/anvilos_beat/ext/toolchain/x86_64-unknown-linux-musl/sysroot/usr/lib/libblkid.la
libtool: install: /usr/bin/install -c .libs/libuuid.a /home/aimeat/github/anvilos_beat/ext/toolchain/x86_64-unknown-linux-musl/sysroot/usr/lib/libuuid.a
libtool: install: chmod 644 /home/aimeat/github/anvilos_beat/ext/toolchain/x86_64-unknown-linux-musl/sysroot/usr/lib/libuuid.a
libtool: install: x86_64-unknown-linux-musl-ranlib /home/aimeat/github/anvilos_beat/ext/toolchain/x86_64-unknown-linux-musl/sysroot/usr/lib/libuuid.a
libtool: install: /usr/bin/install -c .libs/libblkid.a /home/aimeat/github/anvilos_beat/ext/toolchain/x86_64-unknown-linux-musl/sysroot/usr/lib/libblkid.a
libtool: install: chmod 644 /home/aimeat/github/anvilos_beat/ext/toolchain/x86_64-unknown-linux-musl/sysroot/usr/lib/libblkid.a
libtool: install: x86_64-unknown-linux-musl-ranlib /home/aimeat/github/anvilos_beat/ext/toolchain/x86_64-unknown-linux-musl/sysroot/usr/lib/libblkid.a
 /usr/bin/mkdir -p '/home/aimeat/github/anvilos_beat/ext/toolchain/x86_64-unknown-linux-musl/sysroot/sbin'
 /usr/bin/mkdir -p '/home/aimeat/github/anvilos_beat/ext/toolchain/x86_64-unknown-linux-musl/sysroot/usr/bin'
 /usr/bin/mkdir -p '/home/aimeat/github/anvilos_beat/ext/toolchain/x86_64-unknown-linux-musl/sysroot/usr/sbin'
make  install-exec-hook
make[4]: Entering directory '/home/aimeat/github/anvilos_beat/ext/build/util-linux-2.39.3'
if test "/usr/lib" != "/lib" -a -f "/home/aimeat/github/anvilos_beat/ext/toolchain/x86_64-unknown-linux-musl/sysroot/usr/lib/libuuid.so"; then \
	/usr/bin/mkdir -p /home/aimeat/github/anvilos_beat/ext/toolchain/x86_64-unknown-linux-musl/sysroot/lib; \
	mv /home/aimeat/github/anvilos_beat/ext/toolchain/x86_64-unknown-linux-musl/sysroot/usr/lib/libuuid.so.* /home/aimeat/github/anvilos_beat/ext/toolchain/x86_64-unknown-linux-musl/sysroot/lib; \
	so_img_name=$(readlink /home/aimeat/github/anvilos_beat/ext/toolchain/x86_64-unknown-linux-musl/sysroot/usr/lib/libuuid.so); \
	so_img_rel_target=$(echo /usr/lib | sed 's,\(^/\|\)[^/][^/]*,..,g'); \
	(cd /home/aimeat/github/anvilos_beat/ext/toolchain/x86_64-unknown-linux-musl/sysroot/usr/lib && \
		rm -f libuuid.so && \
		ln -s $so_img_rel_target/lib/$so_img_name libuuid.so); \
fi
if test "/usr/lib" != "/lib" -a -f "/home/aimeat/github/anvilos_beat/ext/toolchain/x86_64-unknown-linux-musl/sysroot/usr/lib/libblkid.so"; then \
	/usr/bin/mkdir -p /home/aimeat/github/anvilos_beat/ext/toolchain/x86_64-unknown-linux-musl/sysroot/lib; \
	mv /home/aimeat/github/anvilos_beat/ext/toolchain/x86_64-unknown-linux-musl/sysroot/usr/lib/libblkid.so.* /home/aimeat/github/anvilos_beat/ext/toolchain/x86_64-unknown-linux-musl/sysroot/lib; \
	so_img_name=$(readlink /home/aimeat/github/anvilos_beat/ext/toolchain/x86_64-unknown-linux-musl/sysroot/usr/lib/libblkid.so); \
	so_img_rel_target=$(echo /usr/lib | sed 's,\(^/\|\)[^/][^/]*,..,g'); \
	(cd /home/aimeat/github/anvilos_beat/ext/toolchain/x86_64-unknown-linux-musl/sysroot/usr/lib && \
		rm -f libblkid.so && \
		ln -s $so_img_rel_target/lib/$so_img_name libblkid.so); \
fi
make[4]: Leaving directory '/home/aimeat/github/anvilos_beat/ext/build/util-linux-2.39.3'
 /usr/bin/mkdir -p '/home/aimeat/github/anvilos_beat/ext/toolchain/x86_64-unknown-linux-musl/sysroot/usr/share/man/man1'
 /usr/bin/mkdir -p '/home/aimeat/github/anvilos_beat/ext/toolchain/x86_64-unknown-linux-musl/sysroot/usr/share/man/man3'
 /usr/bin/install -c -m 644 libuuid/man/uuid.3 libuuid/man/uuid_clear.3 libuuid/man/uuid_compare.3 libuuid/man/uuid_copy.3 libuuid/man/uuid_generate.3 libuuid/man/uuid_is_null.3 libuuid/man/uuid_parse.3 libuuid/man/uuid_time.3 libuuid/man/uuid_unparse.3 libblkid/libblkid.3 libuuid/man/uuid_generate_random.3 libuuid/man/uuid_generate_time.3 libuuid/man/uuid_generate_time_safe.3 '/home/aimeat/github/anvilos_beat/ext/toolchain/x86_64-unknown-linux-musl/sysroot/usr/share/man/man3'
 /usr/bin/mkdir -p '/home/aimeat/github/anvilos_beat/ext/toolchain/x86_64-unknown-linux-musl/sysroot/usr/share/man/man5'
 /usr/bin/install -c -m 644 lib/terminal-colors.d.5 '/home/aimeat/github/anvilos_beat/ext/toolchain/x86_64-unknown-linux-musl/sysroot/usr/share/man/man5'
 /usr/bin/mkdir -p '/home/aimeat/github/anvilos_beat/ext/toolchain/x86_64-unknown-linux-musl/sysroot/usr/share/man/man8'
 /usr/bin/mkdir -p '/home/aimeat/github/anvilos_beat/ext/toolchain/x86_64-unknown-linux-musl/sysroot/usr/include/blkid'
 /usr/bin/install -c -m 644 libblkid/src/blkid.h '/home/aimeat/github/anvilos_beat/ext/toolchain/x86_64-unknown-linux-musl/sysroot/usr/include/blkid'
 /usr/bin/mkdir -p '/home/aimeat/github/anvilos_beat/ext/toolchain/x86_64-unknown-linux-musl/sysroot/usr/lib/pkgconfig'
 /usr/bin/install -c -m 644 libuuid/uuid.pc libblkid/blkid.pc '/home/aimeat/github/anvilos_beat/ext/toolchain/x86_64-unknown-linux-musl/sysroot/usr/lib/pkgconfig'
 /usr/bin/mkdir -p '/home/aimeat/github/anvilos_beat/ext/toolchain/x86_64-unknown-linux-musl/sysroot/usr/include/uuid'
 /usr/bin/install -c -m 644 libuuid/src/uuid.h '/home/aimeat/github/anvilos_beat/ext/toolchain/x86_64-unknown-linux-musl/sysroot/usr/include/uuid'
make  install-data-hook
make[4]: Entering directory '/home/aimeat/github/anvilos_beat/ext/build/util-linux-2.39.3'
make[4]: Nothing to be done for 'install-data-hook'.
make[4]: Leaving directory '/home/aimeat/github/anvilos_beat/ext/build/util-linux-2.39.3'
make[3]: Leaving directory '/home/aimeat/github/anvilos_beat/ext/build/util-linux-2.39.3'
make[2]: Leaving directory '/home/aimeat/github/anvilos_beat/ext/build/util-linux-2.39.3'
make[1]: Leaving directory '/home/aimeat/github/anvilos_beat/ext/build/util-linux-2.39.3'
util-linux libs installed to /home/aimeat/github/anvilos_beat/ext/toolchain/x86_64-unknown-linux-musl/sysroot